{"C:\\Users\\jonti\\Documents\\ActivityTrackerApp\\controllers\\achievementController.js": {"path":"C:\\Users\\jonti\\Documents\\ActivityTrackerApp\\controllers\\achievementController.js","statementMap":{"0":{"start":{"line":1,"column":20},"end":{"line":1,"column":52}},"1":{"start":{"line":9,"column":0},"end":{"line":25,"column":2}},"2":{"start":{"line":10,"column":2},"end":{"line":24,"column":3}},"3":{"start":{"line":11,"column":19},"end":{"line":11,"column":46}},"4":{"start":{"line":14,"column":4},"end":{"line":16,"column":5}},"5":{"start":{"line":15,"column":6},"end":{"line":15,"column":112}},"6":{"start":{"line":19,"column":25},"end":{"line":19,"column":64}},"7":{"start":{"line":21,"column":4},"end":{"line":21,"column":27}},"8":{"start":{"line":23,"column":4},"end":{"line":23,"column":14}},"9":{"start":{"line":33,"column":0},"end":{"line":42,"column":2}},"10":{"start":{"line":34,"column":2},"end":{"line":41,"column":3}},"11":{"start":{"line":36,"column":29},"end":{"line":36,"column":68}},"12":{"start":{"line":38,"column":4},"end":{"line":38,"column":31}},"13":{"start":{"line":40,"column":4},"end":{"line":40,"column":14}},"14":{"start":{"line":50,"column":0},"end":{"line":70,"column":2}},"15":{"start":{"line":51,"column":2},"end":{"line":69,"column":3}},"16":{"start":{"line":52,"column":19},"end":{"line":52,"column":46}},"17":{"start":{"line":53,"column":27},"end":{"line":53,"column":97}},"18":{"start":{"line":56,"column":4},"end":{"line":58,"column":5}},"19":{"start":{"line":57,"column":6},"end":{"line":57,"column":111}},"20":{"start":{"line":61,"column":28},"end":{"line":61,"column":87}},"21":{"start":{"line":63,"column":4},"end":{"line":66,"column":7}},"22":{"start":{"line":68,"column":4},"end":{"line":68,"column":14}},"23":{"start":{"line":78,"column":0},"end":{"line":134,"column":2}},"24":{"start":{"line":79,"column":2},"end":{"line":133,"column":3}},"25":{"start":{"line":80,"column":26},"end":{"line":80,"column":60}},"26":{"start":{"line":81,"column":25},"end":{"line":81,"column":33}},"27":{"start":{"line":84,"column":29},"end":{"line":84,"column":73}},"28":{"start":{"line":87,"column":24},"end":{"line":87,"column":91}},"29":{"start":{"line":87,"column":51},"end":{"line":87,"column":90}},"30":{"start":{"line":89,"column":4},"end":{"line":91,"column":5}},"31":{"start":{"line":90,"column":6},"end":{"line":90,"column":96}},"32":{"start":{"line":94,"column":29},"end":{"line":94,"column":68}},"33":{"start":{"line":95,"column":28},"end":{"line":95,"column":113}},"34":{"start":{"line":95,"column":55},"end":{"line":95,"column":112}},"35":{"start":{"line":97,"column":4},"end":{"line":99,"column":5}},"36":{"start":{"line":98,"column":6},"end":{"line":98,"column":75}},"37":{"start":{"line":102,"column":17},"end":{"line":102,"column":126}},"38":{"start":{"line":105,"column":19},"end":{"line":105,"column":21}},"39":{"start":{"line":107,"column":4},"end":{"line":119,"column":5}},"40":{"start":{"line":109,"column":8},"end":{"line":109,"column":87}},"41":{"start":{"line":110,"column":8},"end":{"line":110,"column":14}},"42":{"start":{"line":112,"column":8},"end":{"line":112,"column":175}},"43":{"start":{"line":113,"column":8},"end":{"line":113,"column":14}},"44":{"start":{"line":115,"column":8},"end":{"line":115,"column":244}},"45":{"start":{"line":116,"column":8},"end":{"line":116,"column":14}},"46":{"start":{"line":118,"column":8},"end":{"line":118,"column":117}},"47":{"start":{"line":121,"column":4},"end":{"line":130,"column":7}},"48":{"start":{"line":132,"column":4},"end":{"line":132,"column":14}}},"fnMap":{"0":{"name":"(anonymous_0)","decl":{"start":{"line":9,"column":30},"end":{"line":9,"column":31}},"loc":{"start":{"line":9,"column":56},"end":{"line":25,"column":1}},"line":9},"1":{"name":"(anonymous_1)","decl":{"start":{"line":33,"column":30},"end":{"line":33,"column":31}},"loc":{"start":{"line":33,"column":56},"end":{"line":42,"column":1}},"line":33},"2":{"name":"(anonymous_2)","decl":{"start":{"line":50,"column":28},"end":{"line":50,"column":29}},"loc":{"start":{"line":50,"column":54},"end":{"line":70,"column":1}},"line":50},"3":{"name":"(anonymous_3)","decl":{"start":{"line":78,"column":27},"end":{"line":78,"column":28}},"loc":{"start":{"line":78,"column":53},"end":{"line":134,"column":1}},"line":78},"4":{"name":"(anonymous_4)","decl":{"start":{"line":87,"column":46},"end":{"line":87,"column":47}},"loc":{"start":{"line":87,"column":51},"end":{"line":87,"column":90}},"line":87},"5":{"name":"(anonymous_5)","decl":{"start":{"line":95,"column":50},"end":{"line":95,"column":51}},"loc":{"start":{"line":95,"column":55},"end":{"line":95,"column":112}},"line":95}},"branchMap":{"0":{"loc":{"start":{"line":14,"column":4},"end":{"line":16,"column":5}},"type":"if","locations":[{"start":{"line":14,"column":4},"end":{"line":16,"column":5}},{"start":{},"end":{}}],"line":14},"1":{"loc":{"start":{"line":53,"column":27},"end":{"line":53,"column":97}},"type":"cond-expr","locations":[{"start":{"line":53,"column":55},"end":{"line":53,"column":90}},{"start":{"line":53,"column":93},"end":{"line":53,"column":97}}],"line":53},"2":{"loc":{"start":{"line":56,"column":4},"end":{"line":58,"column":5}},"type":"if","locations":[{"start":{"line":56,"column":4},"end":{"line":58,"column":5}},{"start":{},"end":{}}],"line":56},"3":{"loc":{"start":{"line":89,"column":4},"end":{"line":91,"column":5}},"type":"if","locations":[{"start":{"line":89,"column":4},"end":{"line":91,"column":5}},{"start":{},"end":{}}],"line":89},"4":{"loc":{"start":{"line":97,"column":4},"end":{"line":99,"column":5}},"type":"if","locations":[{"start":{"line":97,"column":4},"end":{"line":99,"column":5}},{"start":{},"end":{}}],"line":97},"5":{"loc":{"start":{"line":107,"column":4},"end":{"line":119,"column":5}},"type":"switch","locations":[{"start":{"line":108,"column":6},"end":{"line":110,"column":14}},{"start":{"line":111,"column":6},"end":{"line":113,"column":14}},{"start":{"line":114,"column":6},"end":{"line":116,"column":14}},{"start":{"line":117,"column":6},"end":{"line":118,"column":117}}],"line":107},"6":{"loc":{"start":{"line":112,"column":86},"end":{"line":112,"column":137}},"type":"binary-expr","locations":[{"start":{"line":112,"column":86},"end":{"line":112,"column":104}},{"start":{"line":112,"column":108},"end":{"line":112,"column":137}}],"line":112},"7":{"loc":{"start":{"line":115,"column":93},"end":{"line":115,"column":144}},"type":"binary-expr","locations":[{"start":{"line":115,"column":93},"end":{"line":115,"column":111}},{"start":{"line":115,"column":115},"end":{"line":115,"column":144}}],"line":115}},"s":{"0":1,"1":1,"2":1,"3":1,"4":1,"5":0,"6":1,"7":1,"8":0,"9":1,"10":0,"11":0,"12":0,"13":0,"14":1,"15":1,"16":1,"17":1,"18":1,"19":0,"20":1,"21":1,"22":0,"23":1,"24":0,"25":0,"26":0,"27":0,"28":0,"29":0,"30":0,"31":0,"32":0,"33":0,"34":0,"35":0,"36":0,"37":0,"38":0,"39":0,"40":0,"41":0,"42":0,"43":0,"44":0,"45":0,"46":0,"47":0,"48":0},"f":{"0":1,"1":0,"2":1,"3":0,"4":0,"5":0},"b":{"0":[0,1],"1":[0,1],"2":[0,1],"3":[0,0],"4":[0,0],"5":[0,0,0,0],"6":[0,0],"7":[0,0]},"_coverageSchema":"1a1c01bbd47fc00a2c39e90264f33305004495a9","hash":"fe18d1113b544e739c7a701bd2a98be31e8c19ce"}
,"C:\\Users\\jonti\\Documents\\ActivityTrackerApp\\controllers\\activityController.js": {"path":"C:\\Users\\jonti\\Documents\\ActivityTrackerApp\\controllers\\activityController.js","statementMap":{"0":{"start":{"line":1,"column":17},"end":{"line":1,"column":46}},"1":{"start":{"line":2,"column":47},"end":{"line":2,"column":77}},"2":{"start":{"line":10,"column":0},"end":{"line":21,"column":2}},"3":{"start":{"line":11,"column":2},"end":{"line":20,"column":3}},"4":{"start":{"line":12,"column":19},"end":{"line":12,"column":46}},"5":{"start":{"line":15,"column":23},"end":{"line":15,"column":59}},"6":{"start":{"line":17,"column":4},"end":{"line":17,"column":25}},"7":{"start":{"line":19,"column":4},"end":{"line":19,"column":14}},"8":{"start":{"line":29,"column":0},"end":{"line":49,"column":2}},"9":{"start":{"line":30,"column":2},"end":{"line":48,"column":3}},"10":{"start":{"line":31,"column":23},"end":{"line":31,"column":54}},"11":{"start":{"line":34,"column":21},"end":{"line":34,"column":55}},"12":{"start":{"line":36,"column":4},"end":{"line":38,"column":5}},"13":{"start":{"line":37,"column":6},"end":{"line":37,"column":67}},"14":{"start":{"line":41,"column":4},"end":{"line":43,"column":5}},"15":{"start":{"line":42,"column":6},"end":{"line":42,"column":99}},"16":{"start":{"line":45,"column":4},"end":{"line":45,"column":23}},"17":{"start":{"line":47,"column":4},"end":{"line":47,"column":14}},"18":{"start":{"line":57,"column":0},"end":{"line":77,"column":2}},"19":{"start":{"line":58,"column":2},"end":{"line":76,"column":3}},"20":{"start":{"line":59,"column":35},"end":{"line":59,"column":43}},"21":{"start":{"line":62,"column":4},"end":{"line":64,"column":5}},"22":{"start":{"line":63,"column":6},"end":{"line":63,"column":110}},"23":{"start":{"line":67,"column":21},"end":{"line":67,"column":62}},"24":{"start":{"line":70,"column":4},"end":{"line":70,"column":27}},"25":{"start":{"line":71,"column":4},"end":{"line":71,"column":52}},"26":{"start":{"line":73,"column":4},"end":{"line":73,"column":35}},"27":{"start":{"line":75,"column":4},"end":{"line":75,"column":14}},"28":{"start":{"line":85,"column":0},"end":{"line":113,"column":2}},"29":{"start":{"line":86,"column":2},"end":{"line":112,"column":3}},"30":{"start":{"line":87,"column":23},"end":{"line":87,"column":54}},"31":{"start":{"line":88,"column":37},"end":{"line":88,"column":45}},"32":{"start":{"line":91,"column":29},"end":{"line":91,"column":63}},"33":{"start":{"line":93,"column":4},"end":{"line":95,"column":5}},"34":{"start":{"line":94,"column":6},"end":{"line":94,"column":67}},"35":{"start":{"line":98,"column":4},"end":{"line":100,"column":5}},"36":{"start":{"line":99,"column":6},"end":{"line":99,"column":99}},"37":{"start":{"line":103,"column":21},"end":{"line":103,"column":76}},"38":{"start":{"line":106,"column":4},"end":{"line":106,"column":45}},"39":{"start":{"line":107,"column":4},"end":{"line":107,"column":70}},"40":{"start":{"line":109,"column":4},"end":{"line":109,"column":23}},"41":{"start":{"line":111,"column":4},"end":{"line":111,"column":14}},"42":{"start":{"line":121,"column":0},"end":{"line":148,"column":2}},"43":{"start":{"line":122,"column":2},"end":{"line":147,"column":3}},"44":{"start":{"line":123,"column":23},"end":{"line":123,"column":54}},"45":{"start":{"line":126,"column":29},"end":{"line":126,"column":63}},"46":{"start":{"line":128,"column":4},"end":{"line":130,"column":5}},"47":{"start":{"line":129,"column":6},"end":{"line":129,"column":67}},"48":{"start":{"line":133,"column":4},"end":{"line":135,"column":5}},"49":{"start":{"line":134,"column":6},"end":{"line":134,"column":99}},"50":{"start":{"line":138,"column":4},"end":{"line":138,"column":38}},"51":{"start":{"line":141,"column":4},"end":{"line":141,"column":45}},"52":{"start":{"line":142,"column":4},"end":{"line":142,"column":70}},"53":{"start":{"line":144,"column":4},"end":{"line":144,"column":32}},"54":{"start":{"line":146,"column":4},"end":{"line":146,"column":14}},"55":{"start":{"line":156,"column":0},"end":{"line":172,"column":2}},"56":{"start":{"line":157,"column":2},"end":{"line":171,"column":3}},"57":{"start":{"line":158,"column":19},"end":{"line":158,"column":46}},"58":{"start":{"line":161,"column":4},"end":{"line":163,"column":5}},"59":{"start":{"line":162,"column":6},"end":{"line":162,"column":110}},"60":{"start":{"line":166,"column":23},"end":{"line":166,"column":59}},"61":{"start":{"line":168,"column":4},"end":{"line":168,"column":25}},"62":{"start":{"line":170,"column":4},"end":{"line":170,"column":14}}},"fnMap":{"0":{"name":"(anonymous_0)","decl":{"start":{"line":10,"column":27},"end":{"line":10,"column":28}},"loc":{"start":{"line":10,"column":53},"end":{"line":21,"column":1}},"line":10},"1":{"name":"(anonymous_1)","decl":{"start":{"line":29,"column":26},"end":{"line":29,"column":27}},"loc":{"start":{"line":29,"column":52},"end":{"line":49,"column":1}},"line":29},"2":{"name":"(anonymous_2)","decl":{"start":{"line":57,"column":25},"end":{"line":57,"column":26}},"loc":{"start":{"line":57,"column":51},"end":{"line":77,"column":1}},"line":57},"3":{"name":"(anonymous_3)","decl":{"start":{"line":85,"column":25},"end":{"line":85,"column":26}},"loc":{"start":{"line":85,"column":51},"end":{"line":113,"column":1}},"line":85},"4":{"name":"(anonymous_4)","decl":{"start":{"line":121,"column":25},"end":{"line":121,"column":26}},"loc":{"start":{"line":121,"column":51},"end":{"line":148,"column":1}},"line":121},"5":{"name":"(anonymous_5)","decl":{"start":{"line":156,"column":24},"end":{"line":156,"column":25}},"loc":{"start":{"line":156,"column":50},"end":{"line":172,"column":1}},"line":156}},"branchMap":{"0":{"loc":{"start":{"line":36,"column":4},"end":{"line":38,"column":5}},"type":"if","locations":[{"start":{"line":36,"column":4},"end":{"line":38,"column":5}},{"start":{},"end":{}}],"line":36},"1":{"loc":{"start":{"line":41,"column":4},"end":{"line":43,"column":5}},"type":"if","locations":[{"start":{"line":41,"column":4},"end":{"line":43,"column":5}},{"start":{},"end":{}}],"line":41},"2":{"loc":{"start":{"line":62,"column":4},"end":{"line":64,"column":5}},"type":"if","locations":[{"start":{"line":62,"column":4},"end":{"line":64,"column":5}},{"start":{},"end":{}}],"line":62},"3":{"loc":{"start":{"line":93,"column":4},"end":{"line":95,"column":5}},"type":"if","locations":[{"start":{"line":93,"column":4},"end":{"line":95,"column":5}},{"start":{},"end":{}}],"line":93},"4":{"loc":{"start":{"line":98,"column":4},"end":{"line":100,"column":5}},"type":"if","locations":[{"start":{"line":98,"column":4},"end":{"line":100,"column":5}},{"start":{},"end":{}}],"line":98},"5":{"loc":{"start":{"line":128,"column":4},"end":{"line":130,"column":5}},"type":"if","locations":[{"start":{"line":128,"column":4},"end":{"line":130,"column":5}},{"start":{},"end":{}}],"line":128},"6":{"loc":{"start":{"line":133,"column":4},"end":{"line":135,"column":5}},"type":"if","locations":[{"start":{"line":133,"column":4},"end":{"line":135,"column":5}},{"start":{},"end":{}}],"line":133},"7":{"loc":{"start":{"line":161,"column":4},"end":{"line":163,"column":5}},"type":"if","locations":[{"start":{"line":161,"column":4},"end":{"line":163,"column":5}},{"start":{},"end":{}}],"line":161}},"s":{"0":1,"1":1,"2":1,"3":1,"4":1,"5":1,"6":1,"7":0,"8":1,"9":0,"10":0,"11":0,"12":0,"13":0,"14":0,"15":0,"16":0,"17":0,"18":1,"19":3,"20":3,"21":3,"22":0,"23":3,"24":3,"25":3,"26":3,"27":0,"28":1,"29":0,"30":0,"31":0,"32":0,"33":0,"34":0,"35":0,"36":0,"37":0,"38":0,"39":0,"40":0,"41":0,"42":1,"43":0,"44":0,"45":0,"46":0,"47":0,"48":0,"49":0,"50":0,"51":0,"52":0,"53":0,"54":0,"55":1,"56":0,"57":0,"58":0,"59":0,"60":0,"61":0,"62":0},"f":{"0":1,"1":0,"2":3,"3":0,"4":0,"5":0},"b":{"0":[0,0],"1":[0,0],"2":[0,3],"3":[0,0],"4":[0,0],"5":[0,0],"6":[0,0],"7":[0,0]},"_coverageSchema":"1a1c01bbd47fc00a2c39e90264f33305004495a9","hash":"3af449ca6686f7c6a41d853f2b8b1ca723495663"}
,"C:\\Users\\jonti\\Documents\\ActivityTrackerApp\\controllers\\authController.js": {"path":"C:\\Users\\jonti\\Documents\\ActivityTrackerApp\\controllers\\authController.js","statementMap":{"0":{"start":{"line":1,"column":12},"end":{"line":1,"column":35}},"1":{"start":{"line":2,"column":13},"end":{"line":2,"column":38}},"2":{"start":{"line":3,"column":0},"end":{"line":3,"column":51}},"3":{"start":{"line":11,"column":0},"end":{"line":49,"column":2}},"4":{"start":{"line":12,"column":2},"end":{"line":48,"column":3}},"5":{"start":{"line":13,"column":35},"end":{"line":13,"column":43}},"6":{"start":{"line":16,"column":17},"end":{"line":16,"column":51}},"7":{"start":{"line":18,"column":4},"end":{"line":20,"column":5}},"8":{"start":{"line":19,"column":6},"end":{"line":19,"column":68}},"9":{"start":{"line":23,"column":26},"end":{"line":23,"column":81}},"10":{"start":{"line":25,"column":4},"end":{"line":27,"column":5}},"11":{"start":{"line":26,"column":6},"end":{"line":26,"column":68}},"12":{"start":{"line":30,"column":4},"end":{"line":30,"column":45}},"13":{"start":{"line":33,"column":18},"end":{"line":37,"column":5}},"14":{"start":{"line":40,"column":4},"end":{"line":45,"column":7}},"15":{"start":{"line":47,"column":4},"end":{"line":47,"column":14}},"16":{"start":{"line":56,"column":0},"end":{"line":65,"column":2}},"17":{"start":{"line":58,"column":2},"end":{"line":64,"column":5}},"18":{"start":{"line":72,"column":0},"end":{"line":81,"column":2}},"19":{"start":{"line":74,"column":16},"end":{"line":78,"column":3}},"20":{"start":{"line":80,"column":2},"end":{"line":80,"column":22}}},"fnMap":{"0":{"name":"(anonymous_0)","decl":{"start":{"line":11,"column":16},"end":{"line":11,"column":17}},"loc":{"start":{"line":11,"column":42},"end":{"line":49,"column":1}},"line":11},"1":{"name":"(anonymous_1)","decl":{"start":{"line":56,"column":20},"end":{"line":56,"column":21}},"loc":{"start":{"line":56,"column":34},"end":{"line":65,"column":1}},"line":56},"2":{"name":"(anonymous_2)","decl":{"start":{"line":72,"column":23},"end":{"line":72,"column":24}},"loc":{"start":{"line":72,"column":37},"end":{"line":81,"column":1}},"line":72}},"branchMap":{"0":{"loc":{"start":{"line":18,"column":4},"end":{"line":20,"column":5}},"type":"if","locations":[{"start":{"line":18,"column":4},"end":{"line":20,"column":5}},{"start":{},"end":{}}],"line":18},"1":{"loc":{"start":{"line":25,"column":4},"end":{"line":27,"column":5}},"type":"if","locations":[{"start":{"line":25,"column":4},"end":{"line":27,"column":5}},{"start":{},"end":{}}],"line":25}},"s":{"0":1,"1":1,"2":1,"3":1,"4":2,"5":2,"6":2,"7":2,"8":0,"9":2,"10":2,"11":1,"12":1,"13":1,"14":1,"15":0,"16":1,"17":1,"18":1,"19":0,"20":0},"f":{"0":2,"1":1,"2":0},"b":{"0":[0,2],"1":[1,1]},"_coverageSchema":"1a1c01bbd47fc00a2c39e90264f33305004495a9","hash":"c8177d0763080730daded641a563bf7b6bcb493d"}
,"C:\\Users\\jonti\\Documents\\ActivityTrackerApp\\controllers\\goalController.js": {"path":"C:\\Users\\jonti\\Documents\\ActivityTrackerApp\\controllers\\goalController.js","statementMap":{"0":{"start":{"line":1,"column":13},"end":{"line":1,"column":38}},"1":{"start":{"line":2,"column":17},"end":{"line":2,"column":46}},"2":{"start":{"line":3,"column":47},"end":{"line":3,"column":77}},"3":{"start":{"line":11,"column":0},"end":{"line":27,"column":2}},"4":{"start":{"line":12,"column":2},"end":{"line":26,"column":3}},"5":{"start":{"line":13,"column":19},"end":{"line":13,"column":46}},"6":{"start":{"line":16,"column":4},"end":{"line":18,"column":5}},"7":{"start":{"line":17,"column":6},"end":{"line":17,"column":105}},"8":{"start":{"line":21,"column":18},"end":{"line":21,"column":50}},"9":{"start":{"line":23,"column":4},"end":{"line":23,"column":20}},"10":{"start":{"line":25,"column":4},"end":{"line":25,"column":14}},"11":{"start":{"line":35,"column":0},"end":{"line":52,"column":2}},"12":{"start":{"line":36,"column":2},"end":{"line":51,"column":3}},"13":{"start":{"line":37,"column":19},"end":{"line":37,"column":46}},"14":{"start":{"line":38,"column":27},"end":{"line":38,"column":62}},"15":{"start":{"line":41,"column":4},"end":{"line":43,"column":5}},"16":{"start":{"line":42,"column":6},"end":{"line":42,"column":105}},"17":{"start":{"line":46,"column":18},"end":{"line":46,"column":67}},"18":{"start":{"line":48,"column":4},"end":{"line":48,"column":20}},"19":{"start":{"line":50,"column":4},"end":{"line":50,"column":14}},"20":{"start":{"line":60,"column":0},"end":{"line":80,"column":2}},"21":{"start":{"line":61,"column":2},"end":{"line":79,"column":3}},"22":{"start":{"line":62,"column":19},"end":{"line":62,"column":46}},"23":{"start":{"line":65,"column":17},"end":{"line":65,"column":43}},"24":{"start":{"line":67,"column":4},"end":{"line":69,"column":5}},"25":{"start":{"line":68,"column":6},"end":{"line":68,"column":63}},"26":{"start":{"line":72,"column":4},"end":{"line":74,"column":5}},"27":{"start":{"line":73,"column":6},"end":{"line":73,"column":95}},"28":{"start":{"line":76,"column":4},"end":{"line":76,"column":19}},"29":{"start":{"line":78,"column":4},"end":{"line":78,"column":14}},"30":{"start":{"line":88,"column":0},"end":{"line":127,"column":2}},"31":{"start":{"line":89,"column":2},"end":{"line":126,"column":3}},"32":{"start":{"line":90,"column":84},"end":{"line":90,"column":92}},"33":{"start":{"line":93,"column":4},"end":{"line":95,"column":5}},"34":{"start":{"line":94,"column":6},"end":{"line":94,"column":105}},"35":{"start":{"line":98,"column":21},"end":{"line":98,"column":59}},"36":{"start":{"line":100,"column":4},"end":{"line":102,"column":5}},"37":{"start":{"line":101,"column":6},"end":{"line":101,"column":67}},"38":{"start":{"line":104,"column":4},"end":{"line":106,"column":5}},"39":{"start":{"line":105,"column":6},"end":{"line":105,"column":109}},"40":{"start":{"line":109,"column":17},"end":{"line":116,"column":5}},"41":{"start":{"line":119,"column":4},"end":{"line":119,"column":27}},"42":{"start":{"line":120,"column":4},"end":{"line":120,"column":47}},"43":{"start":{"line":121,"column":4},"end":{"line":121,"column":65}},"44":{"start":{"line":123,"column":4},"end":{"line":123,"column":31}},"45":{"start":{"line":125,"column":4},"end":{"line":125,"column":14}},"46":{"start":{"line":135,"column":0},"end":{"line":170,"column":2}},"47":{"start":{"line":136,"column":2},"end":{"line":169,"column":3}},"48":{"start":{"line":137,"column":19},"end":{"line":137,"column":46}},"49":{"start":{"line":138,"column":60},"end":{"line":138,"column":68}},"50":{"start":{"line":141,"column":25},"end":{"line":141,"column":51}},"51":{"start":{"line":143,"column":4},"end":{"line":145,"column":5}},"52":{"start":{"line":144,"column":6},"end":{"line":144,"column":63}},"53":{"start":{"line":148,"column":4},"end":{"line":150,"column":5}},"54":{"start":{"line":149,"column":6},"end":{"line":149,"column":95}},"55":{"start":{"line":153,"column":17},"end":{"line":159,"column":5}},"56":{"start":{"line":162,"column":4},"end":{"line":162,"column":41}},"57":{"start":{"line":163,"column":4},"end":{"line":163,"column":61}},"58":{"start":{"line":164,"column":4},"end":{"line":164,"column":94}},"59":{"start":{"line":166,"column":4},"end":{"line":166,"column":19}},"60":{"start":{"line":168,"column":4},"end":{"line":168,"column":14}},"61":{"start":{"line":178,"column":0},"end":{"line":206,"column":2}},"62":{"start":{"line":179,"column":2},"end":{"line":205,"column":3}},"63":{"start":{"line":180,"column":19},"end":{"line":180,"column":46}},"64":{"start":{"line":183,"column":25},"end":{"line":183,"column":51}},"65":{"start":{"line":185,"column":4},"end":{"line":187,"column":5}},"66":{"start":{"line":186,"column":6},"end":{"line":186,"column":63}},"67":{"start":{"line":190,"column":4},"end":{"line":192,"column":5}},"68":{"start":{"line":191,"column":6},"end":{"line":191,"column":95}},"69":{"start":{"line":195,"column":4},"end":{"line":195,"column":30}},"70":{"start":{"line":198,"column":4},"end":{"line":198,"column":41}},"71":{"start":{"line":199,"column":4},"end":{"line":199,"column":61}},"72":{"start":{"line":200,"column":4},"end":{"line":200,"column":94}},"73":{"start":{"line":202,"column":4},"end":{"line":202,"column":32}},"74":{"start":{"line":204,"column":4},"end":{"line":204,"column":14}},"75":{"start":{"line":214,"column":0},"end":{"line":234,"column":2}},"76":{"start":{"line":215,"column":2},"end":{"line":233,"column":3}},"77":{"start":{"line":216,"column":19},"end":{"line":216,"column":46}},"78":{"start":{"line":219,"column":21},"end":{"line":219,"column":51}},"79":{"start":{"line":221,"column":4},"end":{"line":223,"column":5}},"80":{"start":{"line":222,"column":6},"end":{"line":222,"column":63}},"81":{"start":{"line":226,"column":4},"end":{"line":228,"column":5}},"82":{"start":{"line":227,"column":6},"end":{"line":227,"column":95}},"83":{"start":{"line":230,"column":4},"end":{"line":230,"column":23}},"84":{"start":{"line":232,"column":4},"end":{"line":232,"column":14}}},"fnMap":{"0":{"name":"(anonymous_0)","decl":{"start":{"line":11,"column":22},"end":{"line":11,"column":23}},"loc":{"start":{"line":11,"column":48},"end":{"line":27,"column":1}},"line":11},"1":{"name":"(anonymous_1)","decl":{"start":{"line":35,"column":27},"end":{"line":35,"column":28}},"loc":{"start":{"line":35,"column":53},"end":{"line":52,"column":1}},"line":35},"2":{"name":"(anonymous_2)","decl":{"start":{"line":60,"column":22},"end":{"line":60,"column":23}},"loc":{"start":{"line":60,"column":48},"end":{"line":80,"column":1}},"line":60},"3":{"name":"(anonymous_3)","decl":{"start":{"line":88,"column":21},"end":{"line":88,"column":22}},"loc":{"start":{"line":88,"column":47},"end":{"line":127,"column":1}},"line":88},"4":{"name":"(anonymous_4)","decl":{"start":{"line":135,"column":21},"end":{"line":135,"column":22}},"loc":{"start":{"line":135,"column":47},"end":{"line":170,"column":1}},"line":135},"5":{"name":"(anonymous_5)","decl":{"start":{"line":178,"column":21},"end":{"line":178,"column":22}},"loc":{"start":{"line":178,"column":47},"end":{"line":206,"column":1}},"line":178},"6":{"name":"(anonymous_6)","decl":{"start":{"line":214,"column":26},"end":{"line":214,"column":27}},"loc":{"start":{"line":214,"column":52},"end":{"line":234,"column":1}},"line":214}},"branchMap":{"0":{"loc":{"start":{"line":16,"column":4},"end":{"line":18,"column":5}},"type":"if","locations":[{"start":{"line":16,"column":4},"end":{"line":18,"column":5}},{"start":{},"end":{}}],"line":16},"1":{"loc":{"start":{"line":41,"column":4},"end":{"line":43,"column":5}},"type":"if","locations":[{"start":{"line":41,"column":4},"end":{"line":43,"column":5}},{"start":{},"end":{}}],"line":41},"2":{"loc":{"start":{"line":67,"column":4},"end":{"line":69,"column":5}},"type":"if","locations":[{"start":{"line":67,"column":4},"end":{"line":69,"column":5}},{"start":{},"end":{}}],"line":67},"3":{"loc":{"start":{"line":72,"column":4},"end":{"line":74,"column":5}},"type":"if","locations":[{"start":{"line":72,"column":4},"end":{"line":74,"column":5}},{"start":{},"end":{}}],"line":72},"4":{"loc":{"start":{"line":93,"column":4},"end":{"line":95,"column":5}},"type":"if","locations":[{"start":{"line":93,"column":4},"end":{"line":95,"column":5}},{"start":{},"end":{}}],"line":93},"5":{"loc":{"start":{"line":100,"column":4},"end":{"line":102,"column":5}},"type":"if","locations":[{"start":{"line":100,"column":4},"end":{"line":102,"column":5}},{"start":{},"end":{}}],"line":100},"6":{"loc":{"start":{"line":104,"column":4},"end":{"line":106,"column":5}},"type":"if","locations":[{"start":{"line":104,"column":4},"end":{"line":106,"column":5}},{"start":{},"end":{}}],"line":104},"7":{"loc":{"start":{"line":114,"column":6},"end":{"line":114,"column":44}},"type":"cond-expr","locations":[{"start":{"line":114,"column":18},"end":{"line":114,"column":37}},{"start":{"line":114,"column":40},"end":{"line":114,"column":44}}],"line":114},"8":{"loc":{"start":{"line":115,"column":6},"end":{"line":115,"column":40}},"type":"cond-expr","locations":[{"start":{"line":115,"column":16},"end":{"line":115,"column":33}},{"start":{"line":115,"column":36},"end":{"line":115,"column":40}}],"line":115},"9":{"loc":{"start":{"line":143,"column":4},"end":{"line":145,"column":5}},"type":"if","locations":[{"start":{"line":143,"column":4},"end":{"line":145,"column":5}},{"start":{},"end":{}}],"line":143},"10":{"loc":{"start":{"line":148,"column":4},"end":{"line":150,"column":5}},"type":"if","locations":[{"start":{"line":148,"column":4},"end":{"line":150,"column":5}},{"start":{},"end":{}}],"line":148},"11":{"loc":{"start":{"line":157,"column":6},"end":{"line":157,"column":44}},"type":"cond-expr","locations":[{"start":{"line":157,"column":18},"end":{"line":157,"column":37}},{"start":{"line":157,"column":40},"end":{"line":157,"column":44}}],"line":157},"12":{"loc":{"start":{"line":158,"column":6},"end":{"line":158,"column":40}},"type":"cond-expr","locations":[{"start":{"line":158,"column":16},"end":{"line":158,"column":33}},{"start":{"line":158,"column":36},"end":{"line":158,"column":40}}],"line":158},"13":{"loc":{"start":{"line":185,"column":4},"end":{"line":187,"column":5}},"type":"if","locations":[{"start":{"line":185,"column":4},"end":{"line":187,"column":5}},{"start":{},"end":{}}],"line":185},"14":{"loc":{"start":{"line":190,"column":4},"end":{"line":192,"column":5}},"type":"if","locations":[{"start":{"line":190,"column":4},"end":{"line":192,"column":5}},{"start":{},"end":{}}],"line":190},"15":{"loc":{"start":{"line":221,"column":4},"end":{"line":223,"column":5}},"type":"if","locations":[{"start":{"line":221,"column":4},"end":{"line":223,"column":5}},{"start":{},"end":{}}],"line":221},"16":{"loc":{"start":{"line":226,"column":4},"end":{"line":228,"column":5}},"type":"if","locations":[{"start":{"line":226,"column":4},"end":{"line":228,"column":5}},{"start":{},"end":{}}],"line":226}},"s":{"0":1,"1":1,"2":1,"3":1,"4":1,"5":1,"6":1,"7":0,"8":1,"9":1,"10":0,"11":1,"12":0,"13":0,"14":0,"15":0,"16":0,"17":0,"18":0,"19":0,"20":1,"21":0,"22":0,"23":0,"24":0,"25":0,"26":0,"27":0,"28":0,"29":0,"30":1,"31":1,"32":1,"33":1,"34":0,"35":1,"36":1,"37":1,"38":0,"39":0,"40":0,"41":0,"42":0,"43":0,"44":0,"45":0,"46":1,"47":0,"48":0,"49":0,"50":0,"51":0,"52":0,"53":0,"54":0,"55":0,"56":0,"57":0,"58":0,"59":0,"60":0,"61":1,"62":0,"63":0,"64":0,"65":0,"66":0,"67":0,"68":0,"69":0,"70":0,"71":0,"72":0,"73":0,"74":0,"75":1,"76":0,"77":0,"78":0,"79":0,"80":0,"81":0,"82":0,"83":0,"84":0},"f":{"0":1,"1":0,"2":0,"3":1,"4":0,"5":0,"6":0},"b":{"0":[0,1],"1":[0,0],"2":[0,0],"3":[0,0],"4":[0,1],"5":[1,0],"6":[0,0],"7":[0,0],"8":[0,0],"9":[0,0],"10":[0,0],"11":[0,0],"12":[0,0],"13":[0,0],"14":[0,0],"15":[0,0],"16":[0,0]},"_coverageSchema":"1a1c01bbd47fc00a2c39e90264f33305004495a9","hash":"a8777f6eb13bd8737225b12e7877003506619598"}
,"C:\\Users\\jonti\\Documents\\ActivityTrackerApp\\controllers\\logController.js": {"path":"C:\\Users\\jonti\\Documents\\ActivityTrackerApp\\controllers\\logController.js","statementMap":{"0":{"start":{"line":1,"column":12},"end":{"line":1,"column":36}},"1":{"start":{"line":2,"column":17},"end":{"line":2,"column":46}},"2":{"start":{"line":3,"column":20},"end":{"line":3,"column":52}},"3":{"start":{"line":4,"column":47},"end":{"line":4,"column":77}},"4":{"start":{"line":12,"column":0},"end":{"line":34,"column":2}},"5":{"start":{"line":13,"column":2},"end":{"line":33,"column":3}},"6":{"start":{"line":14,"column":19},"end":{"line":14,"column":46}},"7":{"start":{"line":15,"column":27},"end":{"line":15,"column":62}},"8":{"start":{"line":18,"column":4},"end":{"line":20,"column":5}},"9":{"start":{"line":19,"column":6},"end":{"line":19,"column":104}},"10":{"start":{"line":23,"column":17},"end":{"line":23,"column":46}},"11":{"start":{"line":24,"column":18},"end":{"line":24,"column":50}},"12":{"start":{"line":25,"column":19},"end":{"line":25,"column":37}},"13":{"start":{"line":28,"column":17},"end":{"line":28,"column":80}},"14":{"start":{"line":30,"column":4},"end":{"line":30,"column":19}},"15":{"start":{"line":32,"column":4},"end":{"line":32,"column":14}},"16":{"start":{"line":42,"column":0},"end":{"line":80,"column":2}},"17":{"start":{"line":43,"column":2},"end":{"line":79,"column":3}},"18":{"start":{"line":44,"column":63},"end":{"line":44,"column":71}},"19":{"start":{"line":47,"column":4},"end":{"line":49,"column":5}},"20":{"start":{"line":48,"column":6},"end":{"line":48,"column":104}},"21":{"start":{"line":52,"column":21},"end":{"line":52,"column":59}},"22":{"start":{"line":54,"column":4},"end":{"line":56,"column":5}},"23":{"start":{"line":55,"column":6},"end":{"line":55,"column":67}},"24":{"start":{"line":58,"column":4},"end":{"line":60,"column":5}},"25":{"start":{"line":59,"column":6},"end":{"line":59,"column":100}},"26":{"start":{"line":63,"column":16},"end":{"line":63,"column":80}},"27":{"start":{"line":66,"column":28},"end":{"line":66,"column":87}},"28":{"start":{"line":69,"column":4},"end":{"line":69,"column":27}},"29":{"start":{"line":70,"column":4},"end":{"line":70,"column":64}},"30":{"start":{"line":71,"column":4},"end":{"line":71,"column":65}},"31":{"start":{"line":73,"column":4},"end":{"line":76,"column":7}},"32":{"start":{"line":78,"column":4},"end":{"line":78,"column":14}},"33":{"start":{"line":88,"column":0},"end":{"line":126,"column":2}},"34":{"start":{"line":89,"column":2},"end":{"line":125,"column":3}},"35":{"start":{"line":90,"column":18},"end":{"line":90,"column":44}},"36":{"start":{"line":91,"column":39},"end":{"line":91,"column":47}},"37":{"start":{"line":94,"column":24},"end":{"line":94,"column":48}},"38":{"start":{"line":96,"column":4},"end":{"line":98,"column":5}},"39":{"start":{"line":97,"column":6},"end":{"line":97,"column":62}},"40":{"start":{"line":101,"column":4},"end":{"line":103,"column":5}},"41":{"start":{"line":102,"column":6},"end":{"line":102,"column":94}},"42":{"start":{"line":106,"column":16},"end":{"line":106,"column":63}},"43":{"start":{"line":109,"column":28},"end":{"line":112,"column":5}},"44":{"start":{"line":115,"column":4},"end":{"line":115,"column":40}},"45":{"start":{"line":116,"column":4},"end":{"line":116,"column":91}},"46":{"start":{"line":117,"column":4},"end":{"line":117,"column":92}},"47":{"start":{"line":119,"column":4},"end":{"line":122,"column":7}},"48":{"start":{"line":124,"column":4},"end":{"line":124,"column":14}},"49":{"start":{"line":134,"column":0},"end":{"line":162,"column":2}},"50":{"start":{"line":135,"column":2},"end":{"line":161,"column":3}},"51":{"start":{"line":136,"column":18},"end":{"line":136,"column":44}},"52":{"start":{"line":139,"column":24},"end":{"line":139,"column":48}},"53":{"start":{"line":141,"column":4},"end":{"line":143,"column":5}},"54":{"start":{"line":142,"column":6},"end":{"line":142,"column":62}},"55":{"start":{"line":146,"column":4},"end":{"line":148,"column":5}},"56":{"start":{"line":147,"column":6},"end":{"line":147,"column":94}},"57":{"start":{"line":151,"column":4},"end":{"line":151,"column":28}},"58":{"start":{"line":154,"column":4},"end":{"line":154,"column":40}},"59":{"start":{"line":155,"column":4},"end":{"line":155,"column":91}},"60":{"start":{"line":156,"column":4},"end":{"line":156,"column":92}},"61":{"start":{"line":158,"column":4},"end":{"line":158,"column":32}},"62":{"start":{"line":160,"column":4},"end":{"line":160,"column":14}},"63":{"start":{"line":170,"column":0},"end":{"line":187,"column":2}},"64":{"start":{"line":171,"column":2},"end":{"line":186,"column":3}},"65":{"start":{"line":172,"column":19},"end":{"line":172,"column":46}},"66":{"start":{"line":173,"column":27},"end":{"line":173,"column":62}},"67":{"start":{"line":176,"column":4},"end":{"line":178,"column":5}},"68":{"start":{"line":177,"column":6},"end":{"line":177,"column":105}},"69":{"start":{"line":181,"column":18},"end":{"line":181,"column":60}},"70":{"start":{"line":183,"column":4},"end":{"line":183,"column":20}},"71":{"start":{"line":185,"column":4},"end":{"line":185,"column":14}},"72":{"start":{"line":195,"column":0},"end":{"line":250,"column":2}},"73":{"start":{"line":196,"column":2},"end":{"line":249,"column":3}},"74":{"start":{"line":197,"column":19},"end":{"line":197,"column":46}},"75":{"start":{"line":198,"column":27},"end":{"line":198,"column":97}},"76":{"start":{"line":201,"column":4},"end":{"line":203,"column":5}},"77":{"start":{"line":202,"column":6},"end":{"line":202,"column":104}},"78":{"start":{"line":206,"column":23},"end":{"line":206,"column":59}},"79":{"start":{"line":207,"column":26},"end":{"line":210,"column":10}},"80":{"start":{"line":208,"column":6},"end":{"line":208,"column":48}},"81":{"start":{"line":209,"column":6},"end":{"line":209,"column":17}},"82":{"start":{"line":213,"column":15},"end":{"line":213,"column":17}},"83":{"start":{"line":214,"column":4},"end":{"line":226,"column":5}},"84":{"start":{"line":216,"column":6},"end":{"line":216,"column":71}},"85":{"start":{"line":219,"column":22},"end":{"line":221,"column":7}},"86":{"start":{"line":220,"column":35},"end":{"line":220,"column":97}},"87":{"start":{"line":222,"column":6},"end":{"line":222,"column":28}},"88":{"start":{"line":225,"column":6},"end":{"line":225,"column":73}},"89":{"start":{"line":225,"column":26},"end":{"line":225,"column":71}},"90":{"start":{"line":229,"column":21},"end":{"line":229,"column":55}},"91":{"start":{"line":231,"column":4},"end":{"line":239,"column":7}},"92":{"start":{"line":232,"column":23},"end":{"line":232,"column":58}},"93":{"start":{"line":233,"column":27},"end":{"line":233,"column":63}},"94":{"start":{"line":234,"column":19},"end":{"line":234,"column":53}},"95":{"start":{"line":235,"column":19},"end":{"line":235,"column":59}},"96":{"start":{"line":236,"column":20},"end":{"line":236,"column":73}},"97":{"start":{"line":238,"column":6},"end":{"line":238,"column":84}},"98":{"start":{"line":242,"column":4},"end":{"line":242,"column":46}},"99":{"start":{"line":243,"column":4},"end":{"line":243,"column":83}},"100":{"start":{"line":246,"column":4},"end":{"line":246,"column":25}},"101":{"start":{"line":248,"column":4},"end":{"line":248,"column":14}},"102":{"start":{"line":258,"column":0},"end":{"line":378,"column":2}},"103":{"start":{"line":259,"column":2},"end":{"line":377,"column":3}},"104":{"start":{"line":260,"column":19},"end":{"line":260,"column":46}},"105":{"start":{"line":261,"column":27},"end":{"line":261,"column":97}},"106":{"start":{"line":264,"column":4},"end":{"line":266,"column":5}},"107":{"start":{"line":265,"column":6},"end":{"line":265,"column":104}},"108":{"start":{"line":269,"column":17},"end":{"line":269,"column":43}},"109":{"start":{"line":272,"column":23},"end":{"line":272,"column":59}},"110":{"start":{"line":273,"column":26},"end":{"line":276,"column":10}},"111":{"start":{"line":274,"column":6},"end":{"line":274,"column":48}},"112":{"start":{"line":275,"column":6},"end":{"line":275,"column":17}},"113":{"start":{"line":279,"column":15},"end":{"line":279,"column":17}},"114":{"start":{"line":280,"column":23},"end":{"line":280,"column":39}},"115":{"start":{"line":282,"column":4},"end":{"line":295,"column":5}},"116":{"start":{"line":284,"column":6},"end":{"line":284,"column":71}},"117":{"start":{"line":285,"column":6},"end":{"line":285,"column":109}},"118":{"start":{"line":288,"column":22},"end":{"line":290,"column":7}},"119":{"start":{"line":289,"column":35},"end":{"line":289,"column":97}},"120":{"start":{"line":291,"column":6},"end":{"line":291,"column":28}},"121":{"start":{"line":294,"column":6},"end":{"line":294,"column":73}},"122":{"start":{"line":294,"column":26},"end":{"line":294,"column":71}},"123":{"start":{"line":298,"column":21},"end":{"line":307,"column":6}},"124":{"start":{"line":299,"column":23},"end":{"line":299,"column":58}},"125":{"start":{"line":300,"column":6},"end":{"line":306,"column":8}},"126":{"start":{"line":310,"column":24},"end":{"line":310,"column":41}},"127":{"start":{"line":311,"column":16},"end":{"line":311,"column":33}},"128":{"start":{"line":314,"column":4},"end":{"line":314,"column":53}},"129":{"start":{"line":315,"column":4},"end":{"line":315,"column":83}},"130":{"start":{"line":318,"column":4},"end":{"line":318,"column":18}},"131":{"start":{"line":321,"column":4},"end":{"line":321,"column":82}},"132":{"start":{"line":322,"column":4},"end":{"line":322,"column":19}},"133":{"start":{"line":323,"column":4},"end":{"line":323,"column":82}},"134":{"start":{"line":324,"column":4},"end":{"line":324,"column":19}},"135":{"start":{"line":325,"column":4},"end":{"line":325,"column":78}},"136":{"start":{"line":326,"column":4},"end":{"line":326,"column":20}},"137":{"start":{"line":329,"column":21},"end":{"line":329,"column":24}},"138":{"start":{"line":330,"column":22},"end":{"line":330,"column":24}},"139":{"start":{"line":331,"column":22},"end":{"line":331,"column":45}},"140":{"start":{"line":332,"column":25},"end":{"line":336,"column":10}},"141":{"start":{"line":333,"column":18},"end":{"line":333,"column":68}},"142":{"start":{"line":334,"column":6},"end":{"line":334,"column":26}},"143":{"start":{"line":335,"column":6},"end":{"line":335,"column":23}},"144":{"start":{"line":339,"column":4},"end":{"line":339,"column":31}},"145":{"start":{"line":340,"column":4},"end":{"line":340,"column":52}},"146":{"start":{"line":341,"column":4},"end":{"line":341,"column":49}},"147":{"start":{"line":342,"column":4},"end":{"line":342,"column":48}},"148":{"start":{"line":343,"column":4},"end":{"line":343,"column":48}},"149":{"start":{"line":344,"column":4},"end":{"line":344,"column":49}},"150":{"start":{"line":347,"column":4},"end":{"line":347,"column":26}},"151":{"start":{"line":348,"column":22},"end":{"line":348,"column":42}},"152":{"start":{"line":350,"column":4},"end":{"line":371,"column":7}},"153":{"start":{"line":352,"column":6},"end":{"line":355,"column":7}},"154":{"start":{"line":353,"column":8},"end":{"line":353,"column":22}},"155":{"start":{"line":354,"column":8},"end":{"line":354,"column":25}},"156":{"start":{"line":358,"column":6},"end":{"line":361,"column":7}},"157":{"start":{"line":359,"column":8},"end":{"line":360,"column":27}},"158":{"start":{"line":363,"column":6},"end":{"line":363,"column":29}},"159":{"start":{"line":364,"column":6},"end":{"line":364,"column":59}},"160":{"start":{"line":365,"column":6},"end":{"line":365,"column":67}},"161":{"start":{"line":366,"column":6},"end":{"line":366,"column":55}},"162":{"start":{"line":367,"column":6},"end":{"line":367,"column":55}},"163":{"start":{"line":368,"column":6},"end":{"line":368,"column":72}},"164":{"start":{"line":370,"column":6},"end":{"line":370,"column":35}},"165":{"start":{"line":374,"column":4},"end":{"line":374,"column":14}},"166":{"start":{"line":376,"column":4},"end":{"line":376,"column":14}}},"fnMap":{"0":{"name":"(anonymous_0)","decl":{"start":{"line":12,"column":26},"end":{"line":12,"column":27}},"loc":{"start":{"line":12,"column":52},"end":{"line":34,"column":1}},"line":12},"1":{"name":"(anonymous_1)","decl":{"start":{"line":42,"column":20},"end":{"line":42,"column":21}},"loc":{"start":{"line":42,"column":46},"end":{"line":80,"column":1}},"line":42},"2":{"name":"(anonymous_2)","decl":{"start":{"line":88,"column":20},"end":{"line":88,"column":21}},"loc":{"start":{"line":88,"column":46},"end":{"line":126,"column":1}},"line":88},"3":{"name":"(anonymous_3)","decl":{"start":{"line":134,"column":20},"end":{"line":134,"column":21}},"loc":{"start":{"line":134,"column":46},"end":{"line":162,"column":1}},"line":134},"4":{"name":"(anonymous_4)","decl":{"start":{"line":170,"column":19},"end":{"line":170,"column":20}},"loc":{"start":{"line":170,"column":45},"end":{"line":187,"column":1}},"line":170},"5":{"name":"(anonymous_5)","decl":{"start":{"line":195,"column":21},"end":{"line":195,"column":22}},"loc":{"start":{"line":195,"column":47},"end":{"line":250,"column":1}},"line":195},"6":{"name":"(anonymous_6)","decl":{"start":{"line":207,"column":44},"end":{"line":207,"column":45}},"loc":{"start":{"line":207,"column":63},"end":{"line":210,"column":5}},"line":207},"7":{"name":"(anonymous_7)","decl":{"start":{"line":220,"column":23},"end":{"line":220,"column":24}},"loc":{"start":{"line":220,"column":35},"end":{"line":220,"column":97}},"line":220},"8":{"name":"(anonymous_8)","decl":{"start":{"line":225,"column":16},"end":{"line":225,"column":17}},"loc":{"start":{"line":225,"column":26},"end":{"line":225,"column":71}},"line":225},"9":{"name":"(anonymous_9)","decl":{"start":{"line":231,"column":17},"end":{"line":231,"column":18}},"loc":{"start":{"line":231,"column":24},"end":{"line":239,"column":5}},"line":231},"10":{"name":"(anonymous_10)","decl":{"start":{"line":258,"column":24},"end":{"line":258,"column":25}},"loc":{"start":{"line":258,"column":50},"end":{"line":378,"column":1}},"line":258},"11":{"name":"(anonymous_11)","decl":{"start":{"line":273,"column":44},"end":{"line":273,"column":45}},"loc":{"start":{"line":273,"column":63},"end":{"line":276,"column":5}},"line":273},"12":{"name":"(anonymous_12)","decl":{"start":{"line":289,"column":23},"end":{"line":289,"column":24}},"loc":{"start":{"line":289,"column":35},"end":{"line":289,"column":97}},"line":289},"13":{"name":"(anonymous_13)","decl":{"start":{"line":294,"column":16},"end":{"line":294,"column":17}},"loc":{"start":{"line":294,"column":26},"end":{"line":294,"column":71}},"line":294},"14":{"name":"(anonymous_14)","decl":{"start":{"line":298,"column":30},"end":{"line":298,"column":31}},"loc":{"start":{"line":298,"column":37},"end":{"line":307,"column":5}},"line":298},"15":{"name":"(anonymous_15)","decl":{"start":{"line":332,"column":42},"end":{"line":332,"column":43}},"loc":{"start":{"line":332,"column":67},"end":{"line":336,"column":5}},"line":332},"16":{"name":"(anonymous_16)","decl":{"start":{"line":350,"column":21},"end":{"line":350,"column":22}},"loc":{"start":{"line":350,"column":33},"end":{"line":371,"column":5}},"line":350}},"branchMap":{"0":{"loc":{"start":{"line":18,"column":4},"end":{"line":20,"column":5}},"type":"if","locations":[{"start":{"line":18,"column":4},"end":{"line":20,"column":5}},{"start":{},"end":{}}],"line":18},"1":{"loc":{"start":{"line":23,"column":17},"end":{"line":23,"column":46}},"type":"binary-expr","locations":[{"start":{"line":23,"column":17},"end":{"line":23,"column":41}},{"start":{"line":23,"column":45},"end":{"line":23,"column":46}}],"line":23},"2":{"loc":{"start":{"line":24,"column":18},"end":{"line":24,"column":50}},"type":"binary-expr","locations":[{"start":{"line":24,"column":18},"end":{"line":24,"column":43}},{"start":{"line":24,"column":47},"end":{"line":24,"column":50}}],"line":24},"3":{"loc":{"start":{"line":47,"column":4},"end":{"line":49,"column":5}},"type":"if","locations":[{"start":{"line":47,"column":4},"end":{"line":49,"column":5}},{"start":{},"end":{}}],"line":47},"4":{"loc":{"start":{"line":54,"column":4},"end":{"line":56,"column":5}},"type":"if","locations":[{"start":{"line":54,"column":4},"end":{"line":56,"column":5}},{"start":{},"end":{}}],"line":54},"5":{"loc":{"start":{"line":58,"column":4},"end":{"line":60,"column":5}},"type":"if","locations":[{"start":{"line":58,"column":4},"end":{"line":60,"column":5}},{"start":{},"end":{}}],"line":58},"6":{"loc":{"start":{"line":75,"column":23},"end":{"line":75,"column":79}},"type":"cond-expr","locations":[{"start":{"line":75,"column":52},"end":{"line":75,"column":67}},{"start":{"line":75,"column":70},"end":{"line":75,"column":79}}],"line":75},"7":{"loc":{"start":{"line":96,"column":4},"end":{"line":98,"column":5}},"type":"if","locations":[{"start":{"line":96,"column":4},"end":{"line":98,"column":5}},{"start":{},"end":{}}],"line":96},"8":{"loc":{"start":{"line":101,"column":4},"end":{"line":103,"column":5}},"type":"if","locations":[{"start":{"line":101,"column":4},"end":{"line":103,"column":5}},{"start":{},"end":{}}],"line":101},"9":{"loc":{"start":{"line":121,"column":23},"end":{"line":121,"column":79}},"type":"cond-expr","locations":[{"start":{"line":121,"column":52},"end":{"line":121,"column":67}},{"start":{"line":121,"column":70},"end":{"line":121,"column":79}}],"line":121},"10":{"loc":{"start":{"line":141,"column":4},"end":{"line":143,"column":5}},"type":"if","locations":[{"start":{"line":141,"column":4},"end":{"line":143,"column":5}},{"start":{},"end":{}}],"line":141},"11":{"loc":{"start":{"line":146,"column":4},"end":{"line":148,"column":5}},"type":"if","locations":[{"start":{"line":146,"column":4},"end":{"line":148,"column":5}},{"start":{},"end":{}}],"line":146},"12":{"loc":{"start":{"line":176,"column":4},"end":{"line":178,"column":5}},"type":"if","locations":[{"start":{"line":176,"column":4},"end":{"line":178,"column":5}},{"start":{},"end":{}}],"line":176},"13":{"loc":{"start":{"line":198,"column":27},"end":{"line":198,"column":97}},"type":"cond-expr","locations":[{"start":{"line":198,"column":55},"end":{"line":198,"column":90}},{"start":{"line":198,"column":93},"end":{"line":198,"column":97}}],"line":198},"14":{"loc":{"start":{"line":201,"column":4},"end":{"line":203,"column":5}},"type":"if","locations":[{"start":{"line":201,"column":4},"end":{"line":203,"column":5}},{"start":{},"end":{}}],"line":201},"15":{"loc":{"start":{"line":214,"column":4},"end":{"line":226,"column":5}},"type":"if","locations":[{"start":{"line":214,"column":4},"end":{"line":226,"column":5}},{"start":{"line":217,"column":11},"end":{"line":226,"column":5}}],"line":214},"16":{"loc":{"start":{"line":233,"column":27},"end":{"line":233,"column":63}},"type":"cond-expr","locations":[{"start":{"line":233,"column":38},"end":{"line":233,"column":51}},{"start":{"line":233,"column":54},"end":{"line":233,"column":63}}],"line":233},"17":{"loc":{"start":{"line":234,"column":19},"end":{"line":234,"column":53}},"type":"cond-expr","locations":[{"start":{"line":234,"column":30},"end":{"line":234,"column":43}},{"start":{"line":234,"column":46},"end":{"line":234,"column":53}}],"line":234},"18":{"loc":{"start":{"line":236,"column":20},"end":{"line":236,"column":73}},"type":"cond-expr","locations":[{"start":{"line":236,"column":32},"end":{"line":236,"column":68}},{"start":{"line":236,"column":71},"end":{"line":236,"column":73}}],"line":236},"19":{"loc":{"start":{"line":261,"column":27},"end":{"line":261,"column":97}},"type":"cond-expr","locations":[{"start":{"line":261,"column":55},"end":{"line":261,"column":90}},{"start":{"line":261,"column":93},"end":{"line":261,"column":97}}],"line":261},"20":{"loc":{"start":{"line":264,"column":4},"end":{"line":266,"column":5}},"type":"if","locations":[{"start":{"line":264,"column":4},"end":{"line":266,"column":5}},{"start":{},"end":{}}],"line":264},"21":{"loc":{"start":{"line":282,"column":4},"end":{"line":295,"column":5}},"type":"if","locations":[{"start":{"line":282,"column":4},"end":{"line":295,"column":5}},{"start":{"line":286,"column":11},"end":{"line":295,"column":5}}],"line":282},"22":{"loc":{"start":{"line":285,"column":21},"end":{"line":285,"column":108}},"type":"cond-expr","locations":[{"start":{"line":285,"column":53},"end":{"line":285,"column":87}},{"start":{"line":285,"column":90},"end":{"line":285,"column":108}}],"line":285},"23":{"loc":{"start":{"line":301,"column":18},"end":{"line":301,"column":54}},"type":"cond-expr","locations":[{"start":{"line":301,"column":29},"end":{"line":301,"column":42}},{"start":{"line":301,"column":45},"end":{"line":301,"column":54}}],"line":301},"24":{"loc":{"start":{"line":303,"column":14},"end":{"line":303,"column":48}},"type":"cond-expr","locations":[{"start":{"line":303,"column":25},"end":{"line":303,"column":38}},{"start":{"line":303,"column":41},"end":{"line":303,"column":48}}],"line":303},"25":{"loc":{"start":{"line":305,"column":15},"end":{"line":305,"column":30}},"type":"binary-expr","locations":[{"start":{"line":305,"column":15},"end":{"line":305,"column":24}},{"start":{"line":305,"column":28},"end":{"line":305,"column":30}}],"line":305},"26":{"loc":{"start":{"line":333,"column":18},"end":{"line":333,"column":68}},"type":"cond-expr","locations":[{"start":{"line":333,"column":28},"end":{"line":333,"column":30}},{"start":{"line":333,"column":33},"end":{"line":333,"column":68}}],"line":333},"27":{"loc":{"start":{"line":352,"column":6},"end":{"line":355,"column":7}},"type":"if","locations":[{"start":{"line":352,"column":6},"end":{"line":355,"column":7}},{"start":{},"end":{}}],"line":352},"28":{"loc":{"start":{"line":358,"column":6},"end":{"line":361,"column":7}},"type":"if","locations":[{"start":{"line":358,"column":6},"end":{"line":361,"column":7}},{"start":{},"end":{}}],"line":358}},"s":{"0":1,"1":1,"2":1,"3":1,"4":1,"5":0,"6":0,"7":0,"8":0,"9":0,"10":0,"11":0,"12":0,"13":0,"14":0,"15":0,"16":1,"17":0,"18":0,"19":0,"20":0,"21":0,"22":0,"23":0,"24":0,"25":0,"26":0,"27":0,"28":0,"29":0,"30":0,"31":0,"32":0,"33":1,"34":0,"35":0,"36":0,"37":0,"38":0,"39":0,"40":0,"41":0,"42":0,"43":0,"44":0,"45":0,"46":0,"47":0,"48":0,"49":1,"50":0,"51":0,"52":0,"53":0,"54":0,"55":0,"56":0,"57":0,"58":0,"59":0,"60":0,"61":0,"62":0,"63":1,"64":0,"65":0,"66":0,"67":0,"68":0,"69":0,"70":0,"71":0,"72":1,"73":0,"74":0,"75":0,"76":0,"77":0,"78":0,"79":0,"80":0,"81":0,"82":0,"83":0,"84":0,"85":0,"86":0,"87":0,"88":0,"89":0,"90":0,"91":0,"92":0,"93":0,"94":0,"95":0,"96":0,"97":0,"98":0,"99":0,"100":0,"101":0,"102":1,"103":0,"104":0,"105":0,"106":0,"107":0,"108":0,"109":0,"110":0,"111":0,"112":0,"113":0,"114":0,"115":0,"116":0,"117":0,"118":0,"119":0,"120":0,"121":0,"122":0,"123":0,"124":0,"125":0,"126":0,"127":0,"128":0,"129":0,"130":0,"131":0,"132":0,"133":0,"134":0,"135":0,"136":0,"137":0,"138":0,"139":0,"140":0,"141":0,"142":0,"143":0,"144":0,"145":0,"146":0,"147":0,"148":0,"149":0,"150":0,"151":0,"152":0,"153":0,"154":0,"155":0,"156":0,"157":0,"158":0,"159":0,"160":0,"161":0,"162":0,"163":0,"164":0,"165":0,"166":0},"f":{"0":0,"1":0,"2":0,"3":0,"4":0,"5":0,"6":0,"7":0,"8":0,"9":0,"10":0,"11":0,"12":0,"13":0,"14":0,"15":0,"16":0},"b":{"0":[0,0],"1":[0,0],"2":[0,0],"3":[0,0],"4":[0,0],"5":[0,0],"6":[0,0],"7":[0,0],"8":[0,0],"9":[0,0],"10":[0,0],"11":[0,0],"12":[0,0],"13":[0,0],"14":[0,0],"15":[0,0],"16":[0,0],"17":[0,0],"18":[0,0],"19":[0,0],"20":[0,0],"21":[0,0],"22":[0,0],"23":[0,0],"24":[0,0],"25":[0,0],"26":[0,0],"27":[0,0],"28":[0,0]},"_coverageSchema":"1a1c01bbd47fc00a2c39e90264f33305004495a9","hash":"de1bf1e9c7e1beff3d9bb134504502458af0da5c"}
,"C:\\Users\\jonti\\Documents\\ActivityTrackerApp\\middleware\\auth.js": {"path":"C:\\Users\\jonti\\Documents\\ActivityTrackerApp\\middleware\\auth.js","statementMap":{"0":{"start":{"line":1,"column":12},"end":{"line":1,"column":35}},"1":{"start":{"line":2,"column":0},"end":{"line":2,"column":51}},"2":{"start":{"line":8,"column":21},"end":{"line":33,"column":1}},"3":{"start":{"line":9,"column":2},"end":{"line":32,"column":3}},"4":{"start":{"line":11,"column":23},"end":{"line":11,"column":50}},"5":{"start":{"line":13,"column":4},"end":{"line":17,"column":5}},"6":{"start":{"line":14,"column":6},"end":{"line":16,"column":9}},"7":{"start":{"line":20,"column":18},"end":{"line":20,"column":41}},"8":{"start":{"line":23,"column":20},"end":{"line":23,"column":61}},"9":{"start":{"line":26,"column":4},"end":{"line":26,"column":23}},"10":{"start":{"line":28,"column":4},"end":{"line":28,"column":11}},"11":{"start":{"line":30,"column":4},"end":{"line":30,"column":58}},"12":{"start":{"line":31,"column":4},"end":{"line":31,"column":77}},"13":{"start":{"line":39,"column":18},"end":{"line":56,"column":1}},"14":{"start":{"line":40,"column":2},"end":{"line":55,"column":3}},"15":{"start":{"line":41,"column":28},"end":{"line":41,"column":55}},"16":{"start":{"line":42,"column":32},"end":{"line":42,"column":43}},"17":{"start":{"line":45,"column":4},"end":{"line":49,"column":5}},"18":{"start":{"line":46,"column":6},"end":{"line":48,"column":9}},"19":{"start":{"line":51,"column":4},"end":{"line":51,"column":11}},"20":{"start":{"line":53,"column":4},"end":{"line":53,"column":57}},"21":{"start":{"line":54,"column":4},"end":{"line":54,"column":61}},"22":{"start":{"line":58,"column":0},"end":{"line":58,"column":45}}},"fnMap":{"0":{"name":"(anonymous_0)","decl":{"start":{"line":8,"column":21},"end":{"line":8,"column":22}},"loc":{"start":{"line":8,"column":41},"end":{"line":33,"column":1}},"line":8},"1":{"name":"(anonymous_1)","decl":{"start":{"line":39,"column":18},"end":{"line":39,"column":19}},"loc":{"start":{"line":39,"column":38},"end":{"line":56,"column":1}},"line":39}},"branchMap":{"0":{"loc":{"start":{"line":13,"column":4},"end":{"line":17,"column":5}},"type":"if","locations":[{"start":{"line":13,"column":4},"end":{"line":17,"column":5}},{"start":{},"end":{}}],"line":13},"1":{"loc":{"start":{"line":13,"column":8},"end":{"line":13,"column":56}},"type":"binary-expr","locations":[{"start":{"line":13,"column":8},"end":{"line":13,"column":19}},{"start":{"line":13,"column":23},"end":{"line":13,"column":56}}],"line":13},"2":{"loc":{"start":{"line":45,"column":4},"end":{"line":49,"column":5}},"type":"if","locations":[{"start":{"line":45,"column":4},"end":{"line":49,"column":5}},{"start":{},"end":{}}],"line":45}},"s":{"0":1,"1":1,"2":1,"3":16,"4":16,"5":16,"6":0,"7":16,"8":16,"9":15,"10":15,"11":1,"12":1,"13":1,"14":5,"15":5,"16":5,"17":5,"18":1,"19":4,"20":0,"21":0,"22":1},"f":{"0":16,"1":5},"b":{"0":[0,16],"1":[16,16],"2":[1,4]},"_coverageSchema":"1a1c01bbd47fc00a2c39e90264f33305004495a9","hash":"a1a12430b769087da23692ea563d511647d97ff4"}
,"C:\\Users\\jonti\\Documents\\ActivityTrackerApp\\middleware\\cache.js": {"path":"C:\\Users\\jonti\\Documents\\ActivityTrackerApp\\middleware\\cache.js","statementMap":{"0":{"start":{"line":1,"column":18},"end":{"line":1,"column":39}},"1":{"start":{"line":4,"column":14},"end":{"line":4,"column":44}},"2":{"start":{"line":12,"column":2},"end":{"line":43,"column":4}},"3":{"start":{"line":14,"column":4},"end":{"line":16,"column":5}},"4":{"start":{"line":15,"column":6},"end":{"line":15,"column":20}},"5":{"start":{"line":19,"column":19},"end":{"line":19,"column":55}},"6":{"start":{"line":20,"column":16},"end":{"line":20,"column":46}},"7":{"start":{"line":23,"column":27},"end":{"line":23,"column":41}},"8":{"start":{"line":25,"column":4},"end":{"line":28,"column":5}},"9":{"start":{"line":27,"column":6},"end":{"line":27,"column":50}},"10":{"start":{"line":31,"column":25},"end":{"line":31,"column":33}},"11":{"start":{"line":34,"column":4},"end":{"line":40,"column":6}},"12":{"start":{"line":36,"column":6},"end":{"line":36,"column":37}},"13":{"start":{"line":39,"column":6},"end":{"line":39,"column":36}},"14":{"start":{"line":42,"column":4},"end":{"line":42,"column":11}},"15":{"start":{"line":51,"column":15},"end":{"line":51,"column":27}},"16":{"start":{"line":52,"column":19},"end":{"line":52,"column":67}},"17":{"start":{"line":52,"column":38},"end":{"line":52,"column":66}},"18":{"start":{"line":54,"column":2},"end":{"line":56,"column":5}},"19":{"start":{"line":55,"column":4},"end":{"line":55,"column":19}},"20":{"start":{"line":64,"column":15},"end":{"line":64,"column":27}},"21":{"start":{"line":65,"column":23},"end":{"line":65,"column":60}},"22":{"start":{"line":65,"column":42},"end":{"line":65,"column":59}},"23":{"start":{"line":67,"column":2},"end":{"line":69,"column":5}},"24":{"start":{"line":68,"column":4},"end":{"line":68,"column":19}},"25":{"start":{"line":72,"column":0},"end":{"line":76,"column":2}}},"fnMap":{"0":{"name":"cacheMiddleware","decl":{"start":{"line":11,"column":9},"end":{"line":11,"column":24}},"loc":{"start":{"line":11,"column":35},"end":{"line":44,"column":1}},"line":11},"1":{"name":"(anonymous_1)","decl":{"start":{"line":12,"column":9},"end":{"line":12,"column":10}},"loc":{"start":{"line":12,"column":29},"end":{"line":43,"column":3}},"line":12},"2":{"name":"(anonymous_2)","decl":{"start":{"line":34,"column":15},"end":{"line":34,"column":16}},"loc":{"start":{"line":34,"column":30},"end":{"line":40,"column":5}},"line":34},"3":{"name":"clearUserCache","decl":{"start":{"line":50,"column":9},"end":{"line":50,"column":23}},"loc":{"start":{"line":50,"column":32},"end":{"line":57,"column":1}},"line":50},"4":{"name":"(anonymous_4)","decl":{"start":{"line":52,"column":31},"end":{"line":52,"column":32}},"loc":{"start":{"line":52,"column":38},"end":{"line":52,"column":66}},"line":52},"5":{"name":"(anonymous_5)","decl":{"start":{"line":54,"column":19},"end":{"line":54,"column":20}},"loc":{"start":{"line":54,"column":26},"end":{"line":56,"column":3}},"line":54},"6":{"name":"clearEndpointCache","decl":{"start":{"line":63,"column":9},"end":{"line":63,"column":27}},"loc":{"start":{"line":63,"column":33},"end":{"line":70,"column":1}},"line":63},"7":{"name":"(anonymous_7)","decl":{"start":{"line":65,"column":35},"end":{"line":65,"column":36}},"loc":{"start":{"line":65,"column":42},"end":{"line":65,"column":59}},"line":65},"8":{"name":"(anonymous_8)","decl":{"start":{"line":67,"column":23},"end":{"line":67,"column":24}},"loc":{"start":{"line":67,"column":30},"end":{"line":69,"column":3}},"line":67}},"branchMap":{"0":{"loc":{"start":{"line":14,"column":4},"end":{"line":16,"column":5}},"type":"if","locations":[{"start":{"line":14,"column":4},"end":{"line":16,"column":5}},{"start":{},"end":{}}],"line":14},"1":{"loc":{"start":{"line":19,"column":19},"end":{"line":19,"column":55}},"type":"cond-expr","locations":[{"start":{"line":19,"column":30},"end":{"line":19,"column":41}},{"start":{"line":19,"column":44},"end":{"line":19,"column":55}}],"line":19},"2":{"loc":{"start":{"line":25,"column":4},"end":{"line":28,"column":5}},"type":"if","locations":[{"start":{"line":25,"column":4},"end":{"line":28,"column":5}},{"start":{},"end":{}}],"line":25}},"s":{"0":1,"1":1,"2":8,"3":3,"4":0,"5":3,"6":3,"7":3,"8":3,"9":0,"10":3,"11":3,"12":3,"13":3,"14":3,"15":3,"16":3,"17":1,"18":3,"19":1,"20":3,"21":3,"22":0,"23":3,"24":0,"25":1},"f":{"0":8,"1":3,"2":3,"3":3,"4":1,"5":1,"6":3,"7":0,"8":0},"b":{"0":[0,3],"1":[3,0],"2":[0,3]},"_coverageSchema":"1a1c01bbd47fc00a2c39e90264f33305004495a9","hash":"f61751ba3d976ceb1ae42c4efb7afe208f836be8"}
,"C:\\Users\\jonti\\Documents\\ActivityTrackerApp\\middleware\\errorHandler.js": {"path":"C:\\Users\\jonti\\Documents\\ActivityTrackerApp\\middleware\\errorHandler.js","statementMap":{"0":{"start":{"line":1,"column":11},"end":{"line":1,"column":24}},"1":{"start":{"line":2,"column":13},"end":{"line":2,"column":28}},"2":{"start":{"line":5,"column":16},"end":{"line":5,"column":50}},"3":{"start":{"line":6,"column":0},"end":{"line":8,"column":1}},"4":{"start":{"line":7,"column":2},"end":{"line":7,"column":24}},"5":{"start":{"line":11,"column":23},"end":{"line":14,"column":1}},"6":{"start":{"line":24,"column":20},"end":{"line":37,"column":1}},"7":{"start":{"line":25,"column":20},"end":{"line":25,"column":44}},"8":{"start":{"line":26,"column":23},"end":{"line":26,"column":61}},"9":{"start":{"line":29,"column":2},"end":{"line":29,"column":37}},"10":{"start":{"line":32,"column":2},"end":{"line":32,"column":41}},"11":{"start":{"line":33,"column":2},"end":{"line":33,"column":39}},"12":{"start":{"line":36,"column":2},"end":{"line":36,"column":12}},"13":{"start":{"line":47,"column":21},"end":{"line":54,"column":1}},"14":{"start":{"line":48,"column":21},"end":{"line":48,"column":42}},"15":{"start":{"line":50,"column":2},"end":{"line":53,"column":5}},"16":{"start":{"line":56,"column":0},"end":{"line":59,"column":2}}},"fnMap":{"0":{"name":"(anonymous_0)","decl":{"start":{"line":24,"column":20},"end":{"line":24,"column":21}},"loc":{"start":{"line":24,"column":45},"end":{"line":37,"column":1}},"line":24},"1":{"name":"(anonymous_1)","decl":{"start":{"line":47,"column":21},"end":{"line":47,"column":22}},"loc":{"start":{"line":47,"column":46},"end":{"line":54,"column":1}},"line":47}},"branchMap":{"0":{"loc":{"start":{"line":6,"column":0},"end":{"line":8,"column":1}},"type":"if","locations":[{"start":{"line":6,"column":0},"end":{"line":8,"column":1}},{"start":{},"end":{}}],"line":6},"1":{"loc":{"start":{"line":26,"column":41},"end":{"line":26,"column":57}},"type":"binary-expr","locations":[{"start":{"line":26,"column":41},"end":{"line":26,"column":50}},{"start":{"line":26,"column":54},"end":{"line":26,"column":57}}],"line":26},"2":{"loc":{"start":{"line":48,"column":21},"end":{"line":48,"column":42}},"type":"binary-expr","locations":[{"start":{"line":48,"column":21},"end":{"line":48,"column":35}},{"start":{"line":48,"column":39},"end":{"line":48,"column":42}}],"line":48},"3":{"loc":{"start":{"line":51,"column":11},"end":{"line":51,"column":49}},"type":"binary-expr","locations":[{"start":{"line":51,"column":11},"end":{"line":51,"column":22}},{"start":{"line":51,"column":26},"end":{"line":51,"column":49}}],"line":51},"4":{"loc":{"start":{"line":52,"column":11},"end":{"line":52,"column":73}},"type":"cond-expr","locations":[{"start":{"line":52,"column":52},"end":{"line":52,"column":61}},{"start":{"line":52,"column":64},"end":{"line":52,"column":73}}],"line":52}},"s":{"0":1,"1":1,"2":1,"3":1,"4":0,"5":1,"6":1,"7":0,"8":0,"9":0,"10":0,"11":0,"12":0,"13":1,"14":0,"15":0,"16":1},"f":{"0":0,"1":0},"b":{"0":[0,1],"1":[0,0],"2":[0,0],"3":[0,0],"4":[0,0]},"_coverageSchema":"1a1c01bbd47fc00a2c39e90264f33305004495a9","hash":"98b536b2b9fef48efe5bb62669c0a17b9aaf4cb7"}
,"C:\\Users\\jonti\\Documents\\ActivityTrackerApp\\middleware\\rateLimiter.js": {"path":"C:\\Users\\jonti\\Documents\\ActivityTrackerApp\\middleware\\rateLimiter.js","statementMap":{"0":{"start":{"line":1,"column":18},"end":{"line":1,"column":47}},"1":{"start":{"line":2,"column":0},"end":{"line":2,"column":51}},"2":{"start":{"line":8,"column":23},"end":{"line":18,"column":2}},"3":{"start":{"line":20,"column":0},"end":{"line":20,"column":32}}},"fnMap":{},"branchMap":{},"s":{"0":1,"1":1,"2":1,"3":1},"f":{},"b":{},"_coverageSchema":"1a1c01bbd47fc00a2c39e90264f33305004495a9","hash":"4ded2ebacb1d0bbeab149e7461c2a843675fd32b"}
,"C:\\Users\\jonti\\Documents\\ActivityTrackerApp\\middleware\\validation.js": {"path":"C:\\Users\\jonti\\Documents\\ActivityTrackerApp\\middleware\\validation.js","statementMap":{"0":{"start":{"line":1,"column":49},"end":{"line":1,"column":77}},"1":{"start":{"line":6,"column":25},"end":{"line":19,"column":1}},"2":{"start":{"line":24,"column":20},"end":{"line":41,"column":1}},"3":{"start":{"line":46,"column":22},"end":{"line":55,"column":1}},"4":{"start":{"line":60,"column":23},"end":{"line":64,"column":1}},"5":{"start":{"line":69,"column":31},"end":{"line":73,"column":1}},"6":{"start":{"line":78,"column":22},"end":{"line":82,"column":1}},"7":{"start":{"line":88,"column":17},"end":{"line":88,"column":38}},"8":{"start":{"line":89,"column":2},"end":{"line":91,"column":3}},"9":{"start":{"line":90,"column":4},"end":{"line":90,"column":60}},"10":{"start":{"line":92,"column":2},"end":{"line":92,"column":9}},"11":{"start":{"line":95,"column":0},"end":{"line":102,"column":2}}},"fnMap":{"0":{"name":"validateResults","decl":{"start":{"line":87,"column":9},"end":{"line":87,"column":24}},"loc":{"start":{"line":87,"column":41},"end":{"line":93,"column":1}},"line":87}},"branchMap":{"0":{"loc":{"start":{"line":89,"column":2},"end":{"line":91,"column":3}},"type":"if","locations":[{"start":{"line":89,"column":2},"end":{"line":91,"column":3}},{"start":{},"end":{}}],"line":89}},"s":{"0":1,"1":1,"2":1,"3":1,"4":1,"5":1,"6":1,"7":18,"8":18,"9":5,"10":13,"11":1},"f":{"0":18},"b":{"0":[5,13]},"_coverageSchema":"1a1c01bbd47fc00a2c39e90264f33305004495a9","hash":"591db8ab10ee0d7f069d00343e84f1b400de431e"}
,"C:\\Users\\jonti\\Documents\\ActivityTrackerApp\\models\\achievement.js": {"path":"C:\\Users\\jonti\\Documents\\ActivityTrackerApp\\models\\achievement.js","statementMap":{"0":{"start":{"line":1,"column":13},"end":{"line":1,"column":28}},"1":{"start":{"line":13,"column":18},"end":{"line":19,"column":5}},"2":{"start":{"line":21,"column":19},"end":{"line":21,"column":52}},"3":{"start":{"line":22,"column":4},"end":{"line":22,"column":23}},"4":{"start":{"line":30,"column":18},"end":{"line":33,"column":5}},"5":{"start":{"line":35,"column":19},"end":{"line":35,"column":42}},"6":{"start":{"line":36,"column":4},"end":{"line":36,"column":23}},"7":{"start":{"line":48,"column":18},"end":{"line":52,"column":5}},"8":{"start":{"line":54,"column":19},"end":{"line":57,"column":5}},"9":{"start":{"line":59,"column":4},"end":{"line":59,"column":26}},"10":{"start":{"line":70,"column":29},"end":{"line":70,"column":68}},"11":{"start":{"line":73,"column":29},"end":{"line":73,"column":68}},"12":{"start":{"line":76,"column":26},"end":{"line":83,"column":5}},"13":{"start":{"line":85,"column":27},"end":{"line":85,"column":68}},"14":{"start":{"line":86,"column":27},"end":{"line":89,"column":10}},"15":{"start":{"line":87,"column":6},"end":{"line":87,"column":56}},"16":{"start":{"line":88,"column":6},"end":{"line":88,"column":17}},"17":{"start":{"line":92,"column":24},"end":{"line":115,"column":5}},"18":{"start":{"line":117,"column":25},"end":{"line":117,"column":64}},"19":{"start":{"line":118,"column":20},"end":{"line":121,"column":10}},"20":{"start":{"line":119,"column":6},"end":{"line":119,"column":59}},"21":{"start":{"line":120,"column":6},"end":{"line":120,"column":17}},"22":{"start":{"line":124,"column":28},"end":{"line":124,"column":30}},"23":{"start":{"line":126,"column":4},"end":{"line":191,"column":5}},"24":{"start":{"line":128,"column":29},"end":{"line":131,"column":7}},"25":{"start":{"line":129,"column":8},"end":{"line":130,"column":88}},"26":{"start":{"line":133,"column":6},"end":{"line":133,"column":35}},"27":{"start":{"line":133,"column":26},"end":{"line":133,"column":35}},"28":{"start":{"line":135,"column":20},"end":{"line":135,"column":25}},"29":{"start":{"line":136,"column":20},"end":{"line":136,"column":24}},"30":{"start":{"line":139,"column":6},"end":{"line":173,"column":7}},"31":{"start":{"line":142,"column":37},"end":{"line":142,"column":101}},"32":{"start":{"line":142,"column":88},"end":{"line":142,"column":97}},"33":{"start":{"line":143,"column":10},"end":{"line":146,"column":11}},"34":{"start":{"line":144,"column":12},"end":{"line":144,"column":27}},"35":{"start":{"line":145,"column":12},"end":{"line":145,"column":77}},"36":{"start":{"line":147,"column":10},"end":{"line":147,"column":16}},"37":{"start":{"line":151,"column":10},"end":{"line":154,"column":11}},"38":{"start":{"line":152,"column":12},"end":{"line":152,"column":27}},"39":{"start":{"line":153,"column":12},"end":{"line":153,"column":84}},"40":{"start":{"line":155,"column":10},"end":{"line":155,"column":16}},"41":{"start":{"line":159,"column":28},"end":{"line":159,"column":94}},"42":{"start":{"line":159,"column":72},"end":{"line":159,"column":90}},"43":{"start":{"line":160,"column":10},"end":{"line":163,"column":11}},"44":{"start":{"line":161,"column":12},"end":{"line":161,"column":27}},"45":{"start":{"line":162,"column":12},"end":{"line":162,"column":77}},"46":{"start":{"line":164,"column":10},"end":{"line":164,"column":16}},"47":{"start":{"line":168,"column":10},"end":{"line":171,"column":11}},"48":{"start":{"line":169,"column":12},"end":{"line":169,"column":27}},"49":{"start":{"line":170,"column":12},"end":{"line":170,"column":92}},"50":{"start":{"line":172,"column":10},"end":{"line":172,"column":16}},"51":{"start":{"line":176,"column":6},"end":{"line":190,"column":7}},"52":{"start":{"line":177,"column":28},"end":{"line":182,"column":9}},"53":{"start":{"line":185,"column":8},"end":{"line":185,"column":37}},"54":{"start":{"line":186,"column":8},"end":{"line":186,"column":51}},"55":{"start":{"line":187,"column":8},"end":{"line":187,"column":37}},"56":{"start":{"line":189,"column":8},"end":{"line":189,"column":42}},"57":{"start":{"line":193,"column":4},"end":{"line":193,"column":27}},"58":{"start":{"line":197,"column":0},"end":{"line":197,"column":29}}},"fnMap":{"0":{"name":"(anonymous_0)","decl":{"start":{"line":12,"column":2},"end":{"line":12,"column":3}},"loc":{"start":{"line":12,"column":37},"end":{"line":23,"column":3}},"line":12},"1":{"name":"(anonymous_1)","decl":{"start":{"line":29,"column":2},"end":{"line":29,"column":3}},"loc":{"start":{"line":29,"column":37},"end":{"line":37,"column":3}},"line":29},"2":{"name":"(anonymous_2)","decl":{"start":{"line":47,"column":2},"end":{"line":47,"column":3}},"loc":{"start":{"line":47,"column":104},"end":{"line":60,"column":3}},"line":47},"3":{"name":"(anonymous_3)","decl":{"start":{"line":68,"column":2},"end":{"line":68,"column":3}},"loc":{"start":{"line":68,"column":57},"end":{"line":194,"column":3}},"line":68},"4":{"name":"(anonymous_4)","decl":{"start":{"line":86,"column":54},"end":{"line":86,"column":55}},"loc":{"start":{"line":86,"column":68},"end":{"line":89,"column":5}},"line":86},"5":{"name":"(anonymous_5)","decl":{"start":{"line":118,"column":45},"end":{"line":118,"column":46}},"loc":{"start":{"line":118,"column":59},"end":{"line":121,"column":5}},"line":118},"6":{"name":"(anonymous_6)","decl":{"start":{"line":128,"column":51},"end":{"line":128,"column":52}},"loc":{"start":{"line":129,"column":8},"end":{"line":130,"column":88}},"line":129},"7":{"name":"(anonymous_7)","decl":{"start":{"line":142,"column":74},"end":{"line":142,"column":75}},"loc":{"start":{"line":142,"column":88},"end":{"line":142,"column":97}},"line":142},"8":{"name":"(anonymous_8)","decl":{"start":{"line":159,"column":58},"end":{"line":159,"column":59}},"loc":{"start":{"line":159,"column":72},"end":{"line":159,"column":90}},"line":159}},"branchMap":{"0":{"loc":{"start":{"line":47,"column":59},"end":{"line":47,"column":80}},"type":"default-arg","locations":[{"start":{"line":47,"column":76},"end":{"line":47,"column":80}}],"line":47},"1":{"loc":{"start":{"line":47,"column":82},"end":{"line":47,"column":102}},"type":"default-arg","locations":[{"start":{"line":47,"column":98},"end":{"line":47,"column":102}}],"line":47},"2":{"loc":{"start":{"line":129,"column":8},"end":{"line":130,"column":88}},"type":"binary-expr","locations":[{"start":{"line":129,"column":8},"end":{"line":129,"column":58}},{"start":{"line":130,"column":9},"end":{"line":130,"column":46}},{"start":{"line":130,"column":50},"end":{"line":130,"column":87}}],"line":129},"3":{"loc":{"start":{"line":133,"column":6},"end":{"line":133,"column":35}},"type":"if","locations":[{"start":{"line":133,"column":6},"end":{"line":133,"column":35}},{"start":{},"end":{}}],"line":133},"4":{"loc":{"start":{"line":139,"column":6},"end":{"line":173,"column":7}},"type":"switch","locations":[{"start":{"line":140,"column":8},"end":{"line":147,"column":16}},{"start":{"line":149,"column":8},"end":{"line":155,"column":16}},{"start":{"line":157,"column":8},"end":{"line":164,"column":16}},{"start":{"line":166,"column":8},"end":{"line":172,"column":16}}],"line":139},"5":{"loc":{"start":{"line":143,"column":10},"end":{"line":146,"column":11}},"type":"if","locations":[{"start":{"line":143,"column":10},"end":{"line":146,"column":11}},{"start":{},"end":{}}],"line":143},"6":{"loc":{"start":{"line":151,"column":10},"end":{"line":154,"column":11}},"type":"if","locations":[{"start":{"line":151,"column":10},"end":{"line":154,"column":11}},{"start":{},"end":{}}],"line":151},"7":{"loc":{"start":{"line":151,"column":14},"end":{"line":151,"column":80}},"type":"binary-expr","locations":[{"start":{"line":151,"column":14},"end":{"line":151,"column":28}},{"start":{"line":151,"column":32},"end":{"line":151,"column":80}}],"line":151},"8":{"loc":{"start":{"line":160,"column":10},"end":{"line":163,"column":11}},"type":"if","locations":[{"start":{"line":160,"column":10},"end":{"line":163,"column":11}},{"start":{},"end":{}}],"line":160},"9":{"loc":{"start":{"line":168,"column":10},"end":{"line":171,"column":11}},"type":"if","locations":[{"start":{"line":168,"column":10},"end":{"line":171,"column":11}},{"start":{},"end":{}}],"line":168},"10":{"loc":{"start":{"line":176,"column":6},"end":{"line":190,"column":7}},"type":"if","locations":[{"start":{"line":176,"column":6},"end":{"line":190,"column":7}},{"start":{},"end":{}}],"line":176},"11":{"loc":{"start":{"line":180,"column":10},"end":{"line":180,"column":71}},"type":"cond-expr","locations":[{"start":{"line":180,"column":50},"end":{"line":180,"column":64}},{"start":{"line":180,"column":67},"end":{"line":180,"column":71}}],"line":180}},"s":{"0":1,"1":2,"2":2,"3":2,"4":1,"5":1,"6":1,"7":0,"8":0,"9":0,"10":1,"11":1,"12":1,"13":1,"14":1,"15":1,"16":1,"17":1,"18":1,"19":1,"20":0,"21":0,"22":1,"23":1,"24":0,"25":0,"26":0,"27":0,"28":0,"29":0,"30":0,"31":0,"32":0,"33":0,"34":0,"35":0,"36":0,"37":0,"38":0,"39":0,"40":0,"41":0,"42":0,"43":0,"44":0,"45":0,"46":0,"47":0,"48":0,"49":0,"50":0,"51":0,"52":0,"53":0,"54":0,"55":0,"56":0,"57":1,"58":1},"f":{"0":2,"1":1,"2":0,"3":1,"4":1,"5":0,"6":0,"7":0,"8":0},"b":{"0":[0],"1":[0],"2":[0,0,0],"3":[0,0],"4":[0,0,0,0],"5":[0,0],"6":[0,0],"7":[0,0],"8":[0,0],"9":[0,0],"10":[0,0],"11":[0,0]},"_coverageSchema":"1a1c01bbd47fc00a2c39e90264f33305004495a9","hash":"b6026cb3425447fe637663fb0dea9d0b04649557"}
,"C:\\Users\\jonti\\Documents\\ActivityTrackerApp\\models\\activity.js": {"path":"C:\\Users\\jonti\\Documents\\ActivityTrackerApp\\models\\activity.js","statementMap":{"0":{"start":{"line":1,"column":13},"end":{"line":1,"column":28}},"1":{"start":{"line":13,"column":18},"end":{"line":13,"column":81}},"2":{"start":{"line":14,"column":19},"end":{"line":14,"column":52}},"3":{"start":{"line":15,"column":4},"end":{"line":15,"column":23}},"4":{"start":{"line":24,"column":18},"end":{"line":24,"column":76}},"5":{"start":{"line":25,"column":19},"end":{"line":25,"column":48}},"6":{"start":{"line":26,"column":4},"end":{"line":26,"column":26}},"7":{"start":{"line":37,"column":18},"end":{"line":41,"column":5}},"8":{"start":{"line":43,"column":19},"end":{"line":43,"column":64}},"9":{"start":{"line":44,"column":4},"end":{"line":44,"column":26}},"10":{"start":{"line":56,"column":18},"end":{"line":61,"column":5}},"11":{"start":{"line":63,"column":19},"end":{"line":63,"column":70}},"12":{"start":{"line":64,"column":4},"end":{"line":64,"column":26}},"13":{"start":{"line":73,"column":18},"end":{"line":73,"column":74}},"14":{"start":{"line":74,"column":19},"end":{"line":74,"column":48}},"15":{"start":{"line":75,"column":4},"end":{"line":75,"column":31}},"16":{"start":{"line":85,"column":18},"end":{"line":90,"column":5}},"17":{"start":{"line":92,"column":19},"end":{"line":92,"column":52}},"18":{"start":{"line":93,"column":4},"end":{"line":93,"column":23}},"19":{"start":{"line":97,"column":0},"end":{"line":97,"column":26}}},"fnMap":{"0":{"name":"(anonymous_0)","decl":{"start":{"line":12,"column":2},"end":{"line":12,"column":3}},"loc":{"start":{"line":12,"column":37},"end":{"line":16,"column":3}},"line":12},"1":{"name":"(anonymous_1)","decl":{"start":{"line":23,"column":2},"end":{"line":23,"column":3}},"loc":{"start":{"line":23,"column":27},"end":{"line":27,"column":3}},"line":23},"2":{"name":"(anonymous_2)","decl":{"start":{"line":36,"column":2},"end":{"line":36,"column":3}},"loc":{"start":{"line":36,"column":42},"end":{"line":45,"column":3}},"line":36},"3":{"name":"(anonymous_3)","decl":{"start":{"line":55,"column":2},"end":{"line":55,"column":3}},"loc":{"start":{"line":55,"column":48},"end":{"line":65,"column":3}},"line":55},"4":{"name":"(anonymous_4)","decl":{"start":{"line":72,"column":2},"end":{"line":72,"column":3}},"loc":{"start":{"line":72,"column":26},"end":{"line":76,"column":3}},"line":72},"5":{"name":"(anonymous_5)","decl":{"start":{"line":83,"column":2},"end":{"line":83,"column":3}},"loc":{"start":{"line":83,"column":37},"end":{"line":94,"column":3}},"line":83}},"branchMap":{},"s":{"0":2,"1":2,"2":2,"3":2,"4":1,"5":1,"6":1,"7":4,"8":4,"9":4,"10":0,"11":0,"12":0,"13":0,"14":0,"15":0,"16":0,"17":0,"18":0,"19":2},"f":{"0":2,"1":1,"2":4,"3":0,"4":0,"5":0},"b":{},"_coverageSchema":"1a1c01bbd47fc00a2c39e90264f33305004495a9","hash":"67fe681398778c2169c1f1782baae893955ee21c"}
,"C:\\Users\\jonti\\Documents\\ActivityTrackerApp\\models\\db.js": {"path":"C:\\Users\\jonti\\Documents\\ActivityTrackerApp\\models\\db.js","statementMap":{"0":{"start":{"line":1,"column":17},"end":{"line":1,"column":30}},"1":{"start":{"line":2,"column":0},"end":{"line":2,"column":51}},"2":{"start":{"line":5,"column":13},"end":{"line":11,"column":2}},"3":{"start":{"line":14,"column":0},"end":{"line":20,"column":3}},"4":{"start":{"line":15,"column":2},"end":{"line":19,"column":3}},"5":{"start":{"line":16,"column":4},"end":{"line":16,"column":59}},"6":{"start":{"line":18,"column":4},"end":{"line":18,"column":73}},"7":{"start":{"line":22,"column":0},"end":{"line":22,"column":22}}},"fnMap":{"0":{"name":"(anonymous_0)","decl":{"start":{"line":14,"column":27},"end":{"line":14,"column":28}},"loc":{"start":{"line":14,"column":41},"end":{"line":20,"column":1}},"line":14}},"branchMap":{"0":{"loc":{"start":{"line":15,"column":2},"end":{"line":19,"column":3}},"type":"if","locations":[{"start":{"line":15,"column":2},"end":{"line":19,"column":3}},{"start":{"line":17,"column":9},"end":{"line":19,"column":3}}],"line":15}},"s":{"0":0,"1":0,"2":0,"3":0,"4":0,"5":0,"6":0,"7":0},"f":{"0":0},"b":{"0":[0,0]}}
[...]
d":{"line":106,"column":47}},"45":{"start":{"line":109,"column":20},"end":{"line":109,"column":50}},"46":{"start":{"line":111,"column":6},"end":{"line":113,"column":7}},"47":{"start":{"line":112,"column":8},"end":{"line":112,"column":48}},"48":{"start":{"line":115,"column":6},"end":{"line":115,"column":66}},"49":{"start":{"line":117,"column":6},"end":{"line":117,"column":60}},"50":{"start":{"line":125,"column":4},"end":{"line":141,"column":5}},"51":{"start":{"line":126,"column":6},"end":{"line":126,"column":48}},"52":{"start":{"line":129,"column":20},"end":{"line":129,"column":50}},"53":{"start":{"line":131,"column":26},"end":{"line":131,"column":27}},"54":{"start":{"line":133,"column":6},"end":{"line":136,"column":7}},"55":{"start":{"line":134,"column":25},"end":{"line":134,"column":60}},"56":{"start":{"line":135,"column":8},"end":{"line":135,"column":38}},"57":{"start":{"line":135,"column":22},"end":{"line":135,"column":38}},"58":{"start":{"line":138,"column":6},"end":{"line":138,"column":68}},"59":{"start":{"line":140,"column":6},"end":{"line":140,"column":61}},"60":{"start":{"line":150,"column":4},"end":{"line":158,"column":5}},"61":{"start":{"line":151,"column":6},"end":{"line":151,"column":36}},"62":{"start":{"line":151,"column":23},"end":{"line":151,"column":36}},"63":{"start":{"line":153,"column":6},"end":{"line":153,"column":69}},"64":{"start":{"line":154,"column":6},"end":{"line":154,"column":18}},"65":{"start":{"line":156,"column":6},"end":{"line":156,"column":59}},"66":{"start":{"line":157,"column":6},"end":{"line":157,"column":19}},"67":{"start":{"line":169,"column":4},"end":{"line":191,"column":5}},"68":{"start":{"line":170,"column":6},"end":{"line":170,"column":36}},"69":{"start":{"line":170,"column":23},"end":{"line":170,"column":36}},"70":{"start":{"line":173,"column":6},"end":{"line":173,"column":44}},"71":{"start":{"line":173,"column":31},"end":{"line":173,"column":44}},"72":{"start":{"line":176,"column":23},"end":{"line":176,"column":68}},"73":{"start":{"line":179,"column":23},"end":{"line":184,"column":7}},"74":{"start":{"line":186,"column":6},"end":{"line":186,"column":84}},"75":{"start":{"line":187,"column":6},"end":{"line":187,"column":18}},"76":{"start":{"line":189,"column":6},"end":{"line":189,"column":72}},"77":{"start":{"line":190,"column":6},"end":{"line":190,"column":19}},"78":{"start":{"line":201,"column":4},"end":{"line":209,"column":5}},"79":{"start":{"line":202,"column":6},"end":{"line":202,"column":36}},"80":{"start":{"line":202,"column":23},"end":{"line":202,"column":36}},"81":{"start":{"line":204,"column":6},"end":{"line":204,"column":86}},"82":{"start":{"line":205,"column":6},"end":{"line":205,"column":18}},"83":{"start":{"line":207,"column":6},"end":{"line":207,"column":70}},"84":{"start":{"line":208,"column":6},"end":{"line":208,"column":19}},"85":{"start":{"line":218,"column":4},"end":{"line":290,"column":5}},"86":{"start":{"line":219,"column":6},"end":{"line":219,"column":36}},"87":{"start":{"line":219,"column":23},"end":{"line":219,"column":36}},"88":{"start":{"line":222,"column":25},"end":{"line":222,"column":67}},"89":{"start":{"line":225,"column":28},"end":{"line":247,"column":7}},"90":{"start":{"line":228,"column":29},"end":{"line":228,"column":95}},"91":{"start":{"line":231,"column":33},"end":{"line":231,"column":101}},"92":{"start":{"line":234,"column":25},"end":{"line":234,"column":52}},"93":{"start":{"line":235,"column":32},"end":{"line":236,"column":59}},"94":{"start":{"line":238,"column":10},"end":{"line":245,"column":12}},"95":{"start":{"line":250,"column":31},"end":{"line":250,"column":86}},"96":{"start":{"line":250,"column":57},"end":{"line":250,"column":85}},"97":{"start":{"line":252,"column":6},"end":{"line":255,"column":7}},"98":{"start":{"line":253,"column":8},"end":{"line":253,"column":94}},"99":{"start":{"line":254,"column":8},"end":{"line":254,"column":21}},"100":{"start":{"line":258,"column":24},"end":{"line":258,"column":62}},"101":{"start":{"line":261,"column":27},"end":{"line":276,"column":7}},"102":{"start":{"line":263,"column":27},"end":{"line":263,"column":63}},"103":{"start":{"line":264,"column":27},"end":{"line":264,"column":72}},"104":{"start":{"line":266,"column":10},"end":{"line":274,"column":12}},"105":{"start":{"line":279,"column":6},"end":{"line":284,"column":8}},"106":{"start":{"line":286,"column":6},"end":{"line":286,"column":18}},"107":{"start":{"line":288,"column":6},"end":{"line":288,"column":79}},"108":{"start":{"line":289,"column":6},"end":{"line":289,"column":19}},"109":{"start":{"line":299,"column":4},"end":{"line":363,"column":5}},"110":{"start":{"line":300,"column":6},"end":{"line":300,"column":36}},"111":{"start":{"line":300,"column":23},"end":{"line":300,"column":36}},"112":{"start":{"line":303,"column":24},"end":{"line":303,"column":62}},"113":{"start":{"line":304,"column":26},"end":{"line":310,"column":8}},"114":{"start":{"line":305,"column":20},"end":{"line":305,"column":30}},"115":{"start":{"line":306,"column":26},"end":{"line":306,"column":51}},"116":{"start":{"line":307,"column":24},"end":{"line":307,"column":47}},"117":{"start":{"line":309,"column":8},"end":{"line":309,"column":50}},"118":{"start":{"line":312,"column":6},"end":{"line":314,"column":7}},"119":{"start":{"line":313,"column":8},"end":{"line":313,"column":21}},"120":{"start":{"line":317,"column":34},"end":{"line":343,"column":7}},"121":{"start":{"line":320,"column":10},"end":{"line":320,"column":56}},"122":{"start":{"line":320,"column":44},"end":{"line":320,"column":56}},"123":{"start":{"line":322,"column":27},"end":{"line":322,"column":72}},"124":{"start":{"line":325,"column":24},"end":{"line":325,"column":34}},"125":{"start":{"line":326,"column":10},"end":{"line":326,"column":37}},"126":{"start":{"line":328,"column":28},"end":{"line":328,"column":93}},"127":{"start":{"line":329,"column":30},"end":{"line":332,"column":12}},"128":{"start":{"line":330,"column":28},"end":{"line":330,"column":51}},"129":{"start":{"line":331,"column":12},"end":{"line":331,"column":36}},"130":{"start":{"line":335,"column":10},"end":{"line":335,"column":39}},"131":{"start":{"line":335,"column":27},"end":{"line":335,"column":39}},"132":{"start":{"line":337,"column":10},"end":{"line":341,"column":12}},"133":{"start":{"line":346,"column":33},"end":{"line":346,"column":76}},"134":{"start":{"line":346,"column":65},"end":{"line":346,"column":75}},"135":{"start":{"line":348,"column":6},"end":{"line":350,"column":7}},"136":{"start":{"line":349,"column":8},"end":{"line":349,"column":21}},"137":{"start":{"line":353,"column":6},"end":{"line":357,"column":8}},"138":{"start":{"line":359,"column":6},"end":{"line":359,"column":18}},"139":{"start":{"line":361,"column":6},"end":{"line":361,"column":74}},"140":{"start":{"line":362,"column":6},"end":{"line":362,"column":19}},"141":{"start":{"line":371,"column":4},"end":{"line":384,"column":5}},"142":{"start":{"line":373,"column":20},"end":{"line":377,"column":7}},"143":{"start":{"line":379,"column":21},"end":{"line":379,"column":44}},"144":{"start":{"line":380,"column":6},"end":{"line":380,"column":25}},"145":{"start":{"line":382,"column":6},"end":{"line":382,"column":62}},"146":{"start":{"line":383,"column":6},"end":{"line":383,"column":16}},"147":{"start":{"line":394,"column":4},"end":{"line":410,"column":5}},"148":{"start":{"line":396,"column":20},"end":{"line":403,"column":7}},"149":{"start":{"line":405,"column":21},"end":{"line":405,"column":70}},"150":{"start":{"line":406,"column":6},"end":{"line":406,"column":46}},"151":{"start":{"line":408,"column":6},"end":{"line":408,"column":58}},"152":{"start":{"line":409,"column":6},"end":{"line":409,"column":15}},"153":{"start":{"line":420,"column":4},"end":{"line":436,"column":5}},"154":{"start":{"line":422,"column":20},"end":{"line":429,"column":7}},"155":{"start":{"line":431,"column":21},"end":{"line":431,"column":70}},"156":{"start":{"line":432,"column":6},"end":{"line":432,"column":46}},"157":{"start":{"line":434,"column":6},"end":{"line":434,"column":61}},"158":{"start":{"line":435,"column":6},"end":{"line":435,"column":15}},"159":{"start":{"line":445,"column":4},"end":{"line":456,"column":5}},"160":{"start":{"line":447,"column":8},"end":{"line":447,"column":23}},"161":{"start":{"line":449,"column":8},"end":{"line":449,"column":24}},"162":{"start":{"line":451,"column":8},"end":{"line":451,"column":25}},"163":{"start":{"line":453,"column":8},"end":{"line":453,"column":24}},"164":{"start":{"line":455,"column":8},"end":{"line":455,"column":26}},"165":{"start":{"line":461,"column":28},"end":{"line":461,"column":53}},"166":{"start":{"line":462,"column":0},"end":{"line":462,"column":37}}},"fnMap":{"0":{"name":"(anonymous_0)","decl":{"start":{"line":10,"column":2},"end":{"line":10,"column":3}},"loc":{"start":{"line":10,"column":16},"end":{"line":13,"column":3}},"line":10},"1":{"name":"(anonymous_1)","decl":{"start":{"line":19,"column":2},"end":{"line":19,"column":3}},"loc":{"start":{"line":19,"column":9},"end":{"line":27,"column":3}},"line":19},"2":{"name":"(anonymous_2)","decl":{"start":{"line":32,"column":2},"end":{"line":32,"column":3}},"loc":{"start":{"line":32,"column":26},"end":{"line":65,"column":3}},"line":32},"3":{"name":"(anonymous_3)","decl":{"start":{"line":53,"column":15},"end":{"line":53,"column":16}},"loc":{"start":{"line":53,"column":21},"end":{"line":62,"column":5}},"line":53},"4":{"name":"(anonymous_4)","decl":{"start":{"line":57,"column":18},"end":{"line":57,"column":19}},"loc":{"start":{"line":57,"column":24},"end":{"line":59,"column":7}},"line":57},"5":{"name":"(anonymous_5)","decl":{"start":{"line":70,"column":2},"end":{"line":70,"column":3}},"loc":{"start":{"line":70,"column":27},"end":{"line":99,"column":3}},"line":70},"6":{"name":"(anonymous_6)","decl":{"start":{"line":87,"column":15},"end":{"line":87,"column":16}},"loc":{"start":{"line":87,"column":21},"end":{"line":96,"column":5}},"line":87},"7":{"name":"(anonymous_7)","decl":{"start":{"line":91,"column":18},"end":{"line":91,"column":19}},"loc":{"start":{"line":91,"column":24},"end":{"line":93,"column":7}},"line":91},"8":{"name":"(anonymous_8)","decl":{"start":{"line":104,"column":2},"end":{"line":104,"column":3}},"loc":{"start":{"line":104,"column":28},"end":{"line":119,"column":3}},"line":104},"9":{"name":"(anonymous_9)","decl":{"start":{"line":124,"column":2},"end":{"line":124,"column":3}},"loc":{"start":{"line":124,"column":29},"end":{"line":142,"column":3}},"line":124},"10":{"name":"(anonymous_10)","decl":{"start":{"line":149,"column":2},"end":{"line":149,"column":3}},"loc":{"start":{"line":149,"column":31},"end":{"line":159,"column":3}},"line":149},"11":{"name":"(anonymous_11)","decl":{"start":{"line":168,"column":2},"end":{"line":168,"column":3}},"loc":{"start":{"line":168,"column":59},"end":{"line":192,"column":3}},"line":168},"12":{"name":"(anonymous_12)","decl":{"start":{"line":200,"column":2},"end":{"line":200,"column":3}},"loc":{"start":{"line":200,"column":55},"end":{"line":210,"column":3}},"line":200},"13":{"name":"(anonymous_13)","decl":{"start":{"line":217,"column":2},"end":{"line":217,"column":3}},"loc":{"start":{"line":217,"column":37},"end":{"line":291,"column":3}},"line":217},"14":{"name":"(anonymous_14)","decl":{"start":{"line":226,"column":23},"end":{"line":226,"column":24}},"loc":{"start":{"line":226,"column":43},"end":{"line":246,"column":9}},"line":226},"15":{"name":"(anonymous_15)","decl":{"start":{"line":250,"column":52},"end":{"line":250,"column":53}},"loc":{"start":{"line":250,"column":57},"end":{"line":250,"column":85}},"line":250},"16":{"name":"(anonymous_16)","decl":{"start":{"line":262,"column":22},"end":{"line":262,"column":23}},"loc":{"start":{"line":262,"column":38},"end":{"line":275,"column":9}},"line":262},"17":{"name":"(anonymous_17)","decl":{"start":{"line":298,"column":2},"end":{"line":298,"column":3}},"loc":{"start":{"line":298,"column":33},"end":{"line":364,"column":3}},"line":298},"18":{"name":"(anonymous_18)","decl":{"start":{"line":304,"column":43},"end":{"line":304,"column":44}},"loc":{"start":{"line":304,"column":51},"end":{"line":310,"column":7}},"line":304},"19":{"name":"(anonymous_19)","decl":{"start":{"line":318,"column":24},"end":{"line":318,"column":25}},"loc":{"start":{"line":318,"column":40},"end":{"line":342,"column":9}},"line":318},"20":{"name":"(anonymous_20)","decl":{"start":{"line":329,"column":45},"end":{"line":329,"column":46}},"loc":{"start":{"line":329,"column":52},"end":{"line":332,"column":11}},"line":329},"21":{"name":"(anonymous_21)","decl":{"start":{"line":346,"column":60},"end":{"line":346,"column":61}},"loc":{"start":{"line":346,"column":65},"end":{"line":346,"column":75}},"line":346},"22":{"name":"(anonymous_22)","decl":{"start":{"line":370,"column":2},"end":{"line":370,"column":3}},"loc":{"start":{"line":370,"column":28},"end":{"line":385,"column":3}},"line":370},"23":{"name":"(anonymous_23)","decl":{"start":{"line":393,"column":2},"end":{"line":393,"column":3}},"loc":{"start":{"line":393,"column":47},"end":{"line":411,"column":3}},"line":393},"24":{"name":"(anonymous_24)","decl":{"start":{"line":419,"column":2},"end":{"line":419,"column":3}},"loc":{"start":{"line":419,"column":49},"end":{"line":437,"column":3}},"line":419},"25":{"name":"(anonymous_25)","decl":{"start":{"line":444,"column":2},"end":{"line":444,"column":3}},"loc":{"start":{"line":444,"column":31},"end":{"line":457,"column":3}},"line":444}},"branchMap":{"0":{"loc":{"start":{"line":33,"column":4},"end":{"line":33,"column":43}},"type":"if","locations":[{"start":{"line":33,"column":4},"end":{"line":33,"column":43}},{"start":{},"end":{}}],"line":33},"1":{"loc":{"start":{"line":38,"column":28},"end":{"line":38,"column":63}},"type":"cond-expr","locations":[{"start":{"line":38,"column":46},"end":{"line":38,"column":47}},{"start":{"line":38,"column":50},"end":{"line":38,"column":63}}],"line":38},"2":{"loc":{"start":{"line":45,"column":4},"end":{"line":47,"column":5}},"type":"if","locations":[{"start":{"line":45,"column":4},"end":{"line":47,"column":5}},{"start":{},"end":{}}],"line":45},"3":{"loc":{"start":{"line":45,"column":8},"end":{"line":45,"column":46}},"type":"binary-expr","locations":[{"start":{"line":45,"column":8},"end":{"line":45,"column":23}},{"start":{"line":45,"column":27},"end":{"line":45,"column":46}}],"line":45},"4":{"loc":{"start":{"line":71,"column":4},"end":{"line":71,"column":39}},"type":"if","locations":[{"start":{"line":71,"column":4},"end":{"line":71,"column":39}},{"start":{},"end":{}}],"line":71},"5":{"loc":{"start":{"line":79,"column":4},"end":{"line":81,"column":5}},"type":"if","locations":[{"start":{"line":79,"column":4},"end":{"line":81,"column":5}},{"start":{},"end":{}}],"line":79},"6":{"loc":{"start":{"line":135,"column":8},"end":{"line":135,"column":38}},"type":"if","locations":[{"start":{"line":135,"column":8},"end":{"line":135,"column":38}},{"start":{},"end":{}}],"line":135},"7":{"loc":{"start":{"line":151,"column":6},"end":{"line":151,"column":36}},"type":"if","locations":[{"start":{"line":151,"column":6},"end":{"line":151,"column":36}},{"start":{},"end":{}}],"line":151},"8":{"loc":{"start":{"line":170,"column":6},"end":{"line":170,"column":36}},"type":"if","locations":[{"start":{"line":170,"column":6},"end":{"line":170,"column":36}},{"start":{},"end":{}}],"line":170},"9":{"loc":{"start":{"line":173,"column":6},"end":{"line":173,"column":44}},"type":"if","locations":[{"start":{"line":173,"column":6},"end":{"line":173,"column":44}},{"start":{},"end":{}}],"line":173},"10":{"loc":{"start":{"line":202,"column":6},"end":{"line":202,"column":36}},"type":"if","locations":[{"start":{"line":202,"column":6},"end":{"line":202,"column":36}},{"start":{},"end":{}}],"line":202},"11":{"loc":{"start":{"line":219,"column":6},"end":{"line":219,"column":36}},"type":"if","locations":[{"start":{"line":219,"column":6},"end":{"line":219,"column":36}},{"start":{},"end":{}}],"line":219},"12":{"loc":{"start":{"line":235,"column":32},"end":{"line":236,"column":59}},"type":"cond-expr","locations":[{"start":{"line":236,"column":12},"end":{"line":236,"column":55}},{"start":{"line":236,"column":58},"end":{"line":236,"column":59}}],"line":235},"13":{"loc":{"start":{"line":250,"column":57},"end":{"line":250,"column":85}},"type":"binary-expr","locations":[{"start":{"line":250,"column":57},"end":{"line":250,"column":67}},{"start":{"line":250,"column":71},"end":{"line":250,"column":85}}],"line":250},"14":{"loc":{"start":{"line":252,"column":6},"end":{"line":255,"column":7}},"type":"if","locations":[{"start":{"line":252,"column":6},"end":{"line":255,"column":7}},{"start":{},"end":{}}],"line":252},"15":{"loc":{"start":{"line":300,"column":6},"end":{"line":300,"column":36}},"type":"if","locations":[{"start":{"line":300,"column":6},"end":{"line":300,"column":36}},{"start":{},"end":{}}],"line":300},"16":{"loc":{"start":{"line":309,"column":15},"end":{"line":309,"column":49}},"type":"binary-expr","locations":[{"start":{"line":309,"column":15},"end":{"line":309,"column":31}},{"start":{"line":309,"column":35},"end":{"line":309,"column":49}}],"line":309},"17":{"loc":{"start":{"line":312,"column":6},"end":{"line":314,"column":7}},"type":"if","locations":[{"start":{"line":312,"column":6},"end":{"line":314,"column":7}},{"start":{},"end":{}}],"line":312},"18":{"loc":{"start":{"line":320,"column":10},"end":{"line":320,"column":56}},"type":"if","locations":[{"start":{"line":320,"column":10},"end":{"line":320,"column":56}},{"start":{},"end":{}}],"line":320},"19":{"loc":{"start":{"line":335,"column":10},"end":{"line":335,"column":39}},"type":"if","locations":[{"start":{"line":335,"column":10},"end":{"line":335,"column":39}},{"start":{},"end":{}}],"line":335},"20":{"loc":{"start":{"line":348,"column":6},"end":{"line":350,"column":7}},"type":"if","locations":[{"start":{"line":348,"column":6},"end":{"line":350,"column":7}},{"start":{},"end":{}}],"line":348},"21":{"loc":{"start":{"line":445,"column":4},"end":{"line":456,"column":5}},"type":"switch","locations":[{"start":{"line":446,"column":6},"end":{"line":447,"column":23}},{"start":{"line":448,"column":6},"end":{"line":449,"column":24}},{"start":{"line":450,"column":6},"end":{"line":451,"column":25}},{"start":{"line":452,"column":6},"end":{"line":453,"column":24}},{"start":{"line":454,"column":6},"end":{"line":455,"column":26}}],"line":445}},"s":{"0":0,"1":0,"2":0,"3":0,"4":0,"5":0,"6":0,"7":0,"8":0,"9":0,"10":0,"11":0,"12":0,"13":0,"14":0,"15":0,"16":0,"17":0,"18":0,"19":0,"20":0,"21":0,"22":0,"23":0,"24":0,"25":0,"26":0,"27":0,"28":0,"29":0,"30":0,"31":0,"32":0,"33":0,"34":0,"35":0,"36":0,"37":0,"38":0,"39":0,"40":0,"41":0,"42":0,"43":0,"44":0,"45":0,"46":0,"47":0,"48":0,"49":0,"50":0,"51":0,"52":0,"53":0,"54":0,"55":0,"56":0,"57":0,"58":0,"59":0,"60":0,"61":0,"62":0,"63":0,"64":0,"65":0,"66":0,"67":0,"68":0,"69":0,"70":0,"71":0,"72":0,"73":0,"74":0,"75":0,"76":0,"77":0,"78":0,"79":0,"80":0,"81":0,"82":0,"83":0,"84":0,"85":0,"86":0,"87":0,"88":0,"89":0,"90":0,"91":0,"92":0,"93":0,"94":0,"95":0,"96":0,"97":0,"98":0,"99":0,"100":0,"101":0,"102":0,"103":0,"104":0,"105":0,"106":0,"107":0,"108":0,"109":0,"110":0,"111":0,"112":0,"113":0,"114":0,"115":0,"116":0,"117":0,"118":0,"119":0,"120":0,"121":0,"122":0,"123":0,"124":0,"125":0,"126":0,"127":0,"128":0,"129":0,"130":0,"131":0,"132":0,"133":0,"134":0,"135":0,"136":0,"137":0,"138":0,"139":0,"140":0,"141":0,"142":0,"143":0,"144":0,"145":0,"146":0,"147":0,"148":0,"149":0,"150":0,"151":0,"152":0,"153":0,"154":0,"155":0,"156":0,"157":0,"158":0,"159":0,"160":0,"161":0,"162":0,"163":0,"164":0,"165":0,"166":0},"f":{"0":0,"1":0,"2":0,"3":0,"4":0,"5":0,"6":0,"7":0,"8":0,"9":0,"10":0,"11":0,"12":0,"13":0,"14":0,"15":0,"16":0,"17":0,"18":0,"19":0,"20":0,"21":0,"22":0,"23":0,"24":0,"25":0},"b":{"0":[0,0],"1":[0,0],"2":[0,0],"3":[0,0],"4":[0,0],"5":[0,0],"6":[0,0],"7":[0,0],"8":[0,0],"9":[0,0],"10":[0,0],"11":[0,0],"12":[0,0],"13":[0,0],"14":[0,0],"15":[0,0],"16":[0,0],"17":[0,0],"18":[0,0],"19":[0,0],"20":[0,0],"21":[0,0,0,0,0]}}
}
