TN:
SF:controllers\achievementController.js
FN:9,(anonymous_0)
FN:33,(anonymous_1)
FN:50,(anonymous_2)
FN:78,(anonymous_3)
FN:87,(anonymous_4)
FN:95,(anonymous_5)
FNF:6
FNH:2
FNDA:1,(anonymous_0)
FNDA:0,(anonymous_1)
FNDA:1,(anonymous_2)
FNDA:0,(anonymous_3)
FNDA:0,(anonymous_4)
FNDA:0,(anonymous_5)
DA:1,1
DA:9,1
DA:10,1
DA:11,1
DA:14,1
DA:15,0
DA:19,1
DA:21,1
DA:23,0
DA:33,1
DA:34,0
DA:36,0
DA:38,0
DA:40,0
DA:50,1
DA:51,1
DA:52,1
DA:53,1
DA:56,1
DA:57,0
DA:61,1
DA:63,1
DA:68,0
DA:78,1
DA:79,0
DA:80,0
DA:81,0
DA:84,0
DA:87,0
DA:89,0
DA:90,0
DA:94,0
DA:95,0
DA:97,0
DA:98,0
DA:102,0
DA:105,0
DA:107,0
DA:109,0
DA:110,0
DA:112,0
DA:113,0
DA:115,0
DA:116,0
DA:118,0
DA:121,0
DA:132,0
LF:47
LH:16
BRDA:14,0,0,0
BRDA:14,0,1,1
BRDA:53,1,0,0
BRDA:53,1,1,1
BRDA:56,2,0,0
BRDA:56,2,1,1
BRDA:89,3,0,0
BRDA:89,3,1,0
BRDA:97,4,0,0
BRDA:97,4,1,0
BRDA:107,5,0,0
BRDA:107,5,1,0
BRDA:107,5,2,0
BRDA:107,5,3,0
BRDA:112,6,0,0
BRDA:112,6,1,0
BRDA:115,7,0,0
BRDA:115,7,1,0
BRF:18
BRH:3
end_of_record
TN:
SF:controllers\activityController.js
FN:10,(anonymous_0)
FN:29,(anonymous_1)
FN:57,(anonymous_2)
FN:85,(anonymous_3)
FN:121,(anonymous_4)
FN:156,(anonymous_5)
FNF:6
FNH:2
FNDA:1,(anonymous_0)
FNDA:0,(anonymous_1)
FNDA:3,(anonymous_2)
FNDA:0,(anonymous_3)
FNDA:0,(anonymous_4)
FNDA:0,(anonymous_5)
DA:1,1
DA:2,1
DA:10,1
DA:11,1
DA:12,1
DA:15,1
DA:17,1
DA:19,0
DA:29,1
DA:30,0
DA:31,0
DA:34,0
DA:36,0
DA:37,0
DA:41,0
DA:42,0
DA:45,0
DA:47,0
DA:57,1
DA:58,3
DA:59,3
DA:62,3
DA:63,0
DA:67,3
DA:70,3
DA:71,3
DA:73,3
DA:75,0
DA:85,1
DA:86,0
DA:87,0
DA:88,0
DA:91,0
DA:93,0
DA:94,0
DA:98,0
DA:99,0
DA:103,0
DA:106,0
DA:107,0
DA:109,0
DA:111,0
DA:121,1
DA:122,0
DA:123,0
DA:126,0
DA:128,0
DA:129,0
DA:133,0
DA:134,0
DA:138,0
DA:141,0
DA:142,0
DA:144,0
DA:146,0
DA:156,1
DA:157,0
DA:158,0
DA:161,0
DA:162,0
DA:166,0
DA:168,0
DA:170,0
LF:63
LH:19
BRDA:36,0,0,0
BRDA:36,0,1,0
BRDA:41,1,0,0
BRDA:41,1,1,0
BRDA:62,2,0,0
BRDA:62,2,1,3
BRDA:93,3,0,0
BRDA:93,3,1,0
BRDA:98,4,0,0
BRDA:98,4,1,0
BRDA:128,5,0,0
BRDA:128,5,1,0
BRDA:133,6,0,0
BRDA:133,6,1,0
BRDA:161,7,0,0
BRDA:161,7,1,0
BRF:16
BRH:1
end_of_record
TN:
SF:controllers\authController.js
FN:11,(anonymous_0)
FN:56,(anonymous_1)
FN:72,(anonymous_2)
FNF:3
FNH:2
FNDA:2,(anonymous_0)
FNDA:1,(anonymous_1)
FNDA:0,(anonymous_2)
DA:1,1
DA:2,1
DA:3,1
DA:11,1
DA:12,2
DA:13,2
DA:16,2
DA:18,2
DA:19,0
DA:23,2
DA:25,2
DA:26,1
DA:30,1
DA:33,1
DA:40,1
DA:47,0
DA:56,1
DA:58,1
DA:72,1
DA:74,0
DA:80,0
LF:21
LH:17
BRDA:18,0,0,0
BRDA:18,0,1,2
BRDA:25,1,0,1
BRDA:25,1,1,1
BRF:4
BRH:3
end_of_record
TN:
SF:controllers\goalController.js
FN:11,(anonymous_0)
FN:35,(anonymous_1)
FN:60,(anonymous_2)
FN:88,(anonymous_3)
FN:135,(anonymous_4)
FN:178,(anonymous_5)
FN:214,(anonymous_6)
FNF:7
FNH:2
FNDA:1,(anonymous_0)
FNDA:0,(anonymous_1)
FNDA:0,(anonymous_2)
FNDA:1,(anonymous_3)
FNDA:0,(anonymous_4)
FNDA:0,(anonymous_5)
FNDA:0,(anonymous_6)
DA:1,1
DA:2,1
DA:3,1
DA:11,1
DA:12,1
DA:13,1
DA:16,1
DA:17,0
DA:21,1
DA:23,1
DA:25,0
DA:35,1
DA:36,0
DA:37,0
DA:38,0
DA:41,0
DA:42,0
DA:46,0
DA:48,0
DA:50,0
DA:60,1
DA:61,0
DA:62,0
DA:65,0
DA:67,0
DA:68,0
DA:72,0
DA:73,0
DA:76,0
DA:78,0
DA:88,1
DA:89,1
DA:90,1
DA:93,1
DA:94,0
DA:98,1
DA:100,1
DA:101,1
DA:104,0
DA:105,0
DA:109,0
DA:119,0
DA:120,0
DA:121,0
DA:123,0
DA:125,0
DA:135,1
DA:136,0
DA:137,0
DA:138,0
DA:141,0
DA:143,0
DA:144,0
DA:148,0
DA:149,0
DA:153,0
DA:162,0
DA:163,0
DA:164,0
DA:166,0
DA:168,0
DA:178,1
DA:179,0
DA:180,0
DA:183,0
DA:185,0
DA:186,0
DA:190,0
DA:191,0
DA:195,0
DA:198,0
DA:199,0
DA:200,0
DA:202,0
DA:204,0
DA:214,1
DA:215,0
DA:216,0
DA:219,0
DA:221,0
DA:222,0
DA:226,0
DA:227,0
DA:230,0
DA:232,0
LF:85
LH:21
BRDA:16,0,0,0
BRDA:16,0,1,1
BRDA:41,1,0,0
BRDA:41,1,1,0
BRDA:67,2,0,0
BRDA:67,2,1,0
BRDA:72,3,0,0
BRDA:72,3,1,0
BRDA:93,4,0,0
BRDA:93,4,1,1
BRDA:100,5,0,1
BRDA:100,5,1,0
BRDA:104,6,0,0
BRDA:104,6,1,0
BRDA:114,7,0,0
BRDA:114,7,1,0
BRDA:115,8,0,0
BRDA:115,8,1,0
BRDA:143,9,0,0
BRDA:143,9,1,0
BRDA:148,10,0,0
BRDA:148,10,1,0
BRDA:157,11,0,0
BRDA:157,11,1,0
BRDA:158,12,0,0
BRDA:158,12,1,0
BRDA:185,13,0,0
BRDA:185,13,1,0
BRDA:190,14,0,0
BRDA:190,14,1,0
BRDA:221,15,0,0
BRDA:221,15,1,0
BRDA:226,16,0,0
BRDA:226,16,1,0
BRF:34
BRH:3
end_of_record
TN:
SF:controllers\logController.js
FN:12,(anonymous_0)
FN:42,(anonymous_1)
FN:88,(anonymous_2)
FN:134,(anonymous_3)
FN:170,(anonymous_4)
FN:195,(anonymous_5)
FN:207,(anonymous_6)
FN:220,(anonymous_7)
FN:225,(anonymous_8)
FN:231,(anonymous_9)
FN:258,(anonymous_10)
FN:273,(anonymous_11)
FN:289,(anonymous_12)
FN:294,(anonymous_13)
FN:298,(anonymous_14)
FN:332,(anonymous_15)
FN:350,(anonymous_16)
FNF:17
FNH:0
FNDA:0,(anonymous_0)
FNDA:0,(anonymous_1)
FNDA:0,(anonymous_2)
FNDA:0,(anonymous_3)
FNDA:0,(anonymous_4)
FNDA:0,(anonymous_5)
FNDA:0,(anonymous_6)
FNDA:0,(anonymous_7)
FNDA:0,(anonymous_8)
FNDA:0,(anonymous_9)
FNDA:0,(anonymous_10)
FNDA:0,(anonymous_11)
FNDA:0,(anonymous_12)
FNDA:0,(anonymous_13)
FNDA:0,(anonymous_14)
FNDA:0,(anonymous_15)
FNDA:0,(anonymous_16)
DA:1,1
DA:2,1
DA:3,1
DA:4,1
DA:12,1
DA:13,0
DA:14,0
DA:15,0
DA:18,0
DA:19,0
DA:23,0
DA:24,0
DA:25,0
DA:28,0
DA:30,0
DA:32,0
DA:42,1
DA:43,0
DA:44,0
DA:47,0
DA:48,0
DA:52,0
DA:54,0
DA:55,0
DA:58,0
DA:59,0
DA:63,0
DA:66,0
DA:69,0
DA:70,0
DA:71,0
DA:73,0
DA:78,0
DA:88,1
DA:89,0
DA:90,0
DA:91,0
DA:94,0
DA:96,0
DA:97,0
DA:101,0
DA:102,0
DA:106,0
DA:109,0
DA:115,0
DA:116,0
DA:117,0
DA:119,0
DA:124,0
DA:134,1
DA:135,0
DA:136,0
DA:139,0
DA:141,0
DA:142,0
DA:146,0
DA:147,0
DA:151,0
DA:154,0
DA:155,0
DA:156,0
DA:158,0
DA:160,0
DA:170,1
DA:171,0
DA:172,0
DA:173,0
DA:176,0
DA:177,0
DA:181,0
DA:183,0
DA:185,0
DA:195,1
DA:196,0
DA:197,0
DA:198,0
DA:201,0
DA:202,0
DA:206,0
DA:207,0
DA:208,0
DA:209,0
DA:213,0
DA:214,0
DA:216,0
DA:219,0
DA:220,0
DA:222,0
DA:225,0
DA:229,0
DA:231,0
DA:232,0
DA:233,0
DA:234,0
DA:235,0
DA:236,0
DA:238,0
DA:242,0
DA:243,0
DA:246,0
DA:248,0
DA:258,1
DA:259,0
DA:260,0
DA:261,0
DA:264,0
DA:265,0
DA:269,0
DA:272,0
DA:273,0
DA:274,0
DA:275,0
DA:279,0
DA:280,0
DA:282,0
DA:284,0
DA:285,0
DA:288,0
DA:289,0
DA:291,0
DA:294,0
DA:298,0
DA:299,0
DA:300,0
DA:310,0
DA:311,0
DA:314,0
DA:315,0
DA:318,0
DA:321,0
DA:322,0
DA:323,0
DA:324,0
DA:325,0
DA:326,0
DA:329,0
DA:330,0
DA:331,0
DA:332,0
DA:333,0
DA:334,0
DA:335,0
DA:339,0
DA:340,0
DA:341,0
DA:342,0
DA:343,0
DA:344,0
DA:347,0
DA:348,0
DA:350,0
DA:352,0
DA:353,0
DA:354,0
DA:358,0
DA:359,0
DA:363,0
DA:364,0
DA:365,0
DA:366,0
DA:367,0
DA:368,0
DA:370,0
DA:374,0
DA:376,0
LF:165
LH:11
BRDA:18,0,0,0
BRDA:18,0,1,0
BRDA:23,1,0,0
BRDA:23,1,1,0
BRDA:24,2,0,0
BRDA:24,2,1,0
BRDA:47,3,0,0
BRDA:47,3,1,0
BRDA:54,4,0,0
BRDA:54,4,1,0
BRDA:58,5,0,0
BRDA:58,5,1,0
BRDA:75,6,0,0
BRDA:75,6,1,0
BRDA:96,7,0,0
BRDA:96,7,1,0
BRDA:101,8,0,0
BRDA:101,8,1,0
BRDA:121,9,0,0
BRDA:121,9,1,0
BRDA:141,10,0,0
BRDA:141,10,1,0
BRDA:146,11,0,0
BRDA:146,11,1,0
BRDA:176,12,0,0
BRDA:176,12,1,0
BRDA:198,13,0,0
BRDA:198,13,1,0
BRDA:201,14,0,0
BRDA:201,14,1,0
BRDA:214,15,0,0
BRDA:214,15,1,0
BRDA:233,16,0,0
BRDA:233,16,1,0
BRDA:234,17,0,0
BRDA:234,17,1,0
BRDA:236,18,0,0
BRDA:236,18,1,0
BRDA:261,19,0,0
BRDA:261,19,1,0
BRDA:264,20,0,0
BRDA:264,20,1,0
BRDA:282,21,0,0
BRDA:282,21,1,0
BRDA:285,22,0,0
BRDA:285,22,1,0
BRDA:301,23,0,0
BRDA:301,23,1,0
BRDA:303,24,0,0
BRDA:303,24,1,0
BRDA:305,25,0,0
BRDA:305,25,1,0
BRDA:333,26,0,0
BRDA:333,26,1,0
BRDA:352,27,0,0
BRDA:352,27,1,0
BRDA:358,28,0,0
BRDA:358,28,1,0
BRF:58
BRH:0
end_of_record
TN:
SF:middleware\auth.js
FN:8,(anonymous_0)
FN:39,(anonymous_1)
FNF:2
FNH:2
FNDA:16,(anonymous_0)
FNDA:5,(anonymous_1)
DA:1,1
DA:2,1
DA:8,1
DA:9,16
DA:11,16
DA:13,16
DA:14,0
DA:20,16
DA:23,16
DA:26,15
DA:28,15
DA:30,1
DA:31,1
DA:39,1
DA:40,5
DA:41,5
DA:42,5
DA:45,5
DA:46,1
DA:51,4
DA:53,0
DA:54,0
DA:58,1
LF:23
LH:20
BRDA:13,0,0,0
BRDA:13,0,1,16
BRDA:13,1,0,16
BRDA:13,1,1,16
BRDA:45,2,0,1
BRDA:45,2,1,4
BRF:6
BRH:5
end_of_record
TN:
SF:middleware\cache.js
FN:11,cacheMiddleware
FN:12,(anonymous_1)
FN:34,(anonymous_2)
FN:50,clearUserCache
FN:52,(anonymous_4)
FN:54,(anonymous_5)
FN:63,clearEndpointCache
FN:65,(anonymous_7)
FN:67,(anonymous_8)
FNF:9
FNH:7
FNDA:8,cacheMiddleware
FNDA:3,(anonymous_1)
FNDA:3,(anonymous_2)
FNDA:3,clearUserCache
FNDA:1,(anonymous_4)
FNDA:1,(anonymous_5)
FNDA:3,clearEndpointCache
FNDA:0,(anonymous_7)
FNDA:0,(anonymous_8)
DA:1,1
DA:4,1
DA:12,8
DA:14,3
DA:15,0
DA:19,3
DA:20,3
DA:23,3
DA:25,3
DA:27,0
DA:31,3
DA:34,3
DA:36,3
DA:39,3
DA:42,3
DA:51,3
DA:52,3
DA:54,3
DA:55,1
DA:64,3
DA:65,3
DA:67,3
DA:68,0
DA:72,1
LF:24
LH:21
BRDA:14,0,0,0
BRDA:14,0,1,3
BRDA:19,1,0,3
BRDA:19,1,1,0
BRDA:25,2,0,0
BRDA:25,2,1,3
BRF:6
BRH:3
end_of_record
TN:
SF:middleware\errorHandler.js
FN:24,(anonymous_0)
FN:47,(anonymous_1)
FNF:2
FNH:0
FNDA:0,(anonymous_0)
FNDA:0,(anonymous_1)
DA:1,1
DA:2,1
DA:5,1
DA:6,1
DA:7,0
DA:11,1
DA:24,1
DA:25,0
DA:26,0
DA:29,0
DA:32,0
DA:33,0
DA:36,0
DA:47,1
DA:48,0
DA:50,0
DA:56,1
LF:17
LH:8
BRDA:6,0,0,0
BRDA:6,0,1,1
BRDA:26,1,0,0
BRDA:26,1,1,0
BRDA:48,2,0,0
BRDA:48,2,1,0
BRDA:51,3,0,0
BRDA:51,3,1,0
BRDA:52,4,0,0
BRDA:52,4,1,0
BRF:10
BRH:1
end_of_record
TN:
SF:middleware\rateLimiter.js
FNF:0
FNH:0
DA:1,1
DA:2,1
DA:8,1
DA:20,1
LF:4
LH:4
BRF:0
BRH:0
end_of_record
TN:
SF:middleware\validation.js
FN:87,validateResults
FNF:1
FNH:1
FNDA:18,validateResults
DA:1,1
DA:6,1
DA:24,1
DA:46,1
DA:60,1
DA:69,1
DA:78,1
DA:88,18
DA:89,18
DA:90,5
DA:92,13
DA:95,1
LF:12
LH:12
BRDA:89,0,0,5
BRDA:89,0,1,13
BRF:2
BRH:2
end_of_record
TN:
SF:models\achievement.js
FN:12,(anonymous_0)
FN:29,(anonymous_1)
FN:47,(anonymous_2)
FN:68,(anonymous_3)
FN:86,(anonymous_4)
FN:118,(anonymous_5)
FN:128,(anonymous_6)
FN:142,(anonymous_7)
FN:159,(anonymous_8)
FNF:9
FNH:4
FNDA:2,(anonymous_0)
FNDA:1,(anonymous_1)
FNDA:0,(anonymous_2)
FNDA:1,(anonymous_3)
FNDA:1,(anonymous_4)
FNDA:0,(anonymous_5)
FNDA:0,(anonymous_6)
FNDA:0,(anonymous_7)
FNDA:0,(anonymous_8)
DA:1,1
DA:13,2
DA:21,2
DA:22,2
DA:30,1
DA:35,1
DA:36,1
DA:48,0
DA:54,0
DA:59,0
DA:70,1
DA:73,1
DA:76,1
DA:85,1
DA:86,1
DA:87,1
DA:88,1
DA:92,1
DA:117,1
DA:118,1
DA:119,0
DA:120,0
DA:124,1
DA:126,1
DA:128,0
DA:129,0
DA:133,0
DA:135,0
DA:136,0
DA:139,0
DA:142,0
DA:143,0
DA:144,0
DA:145,0
DA:147,0
DA:151,0
DA:152,0
DA:153,0
DA:155,0
DA:159,0
DA:160,0
DA:161,0
DA:162,0
DA:164,0
DA:168,0
DA:169,0
DA:170,0
DA:172,0
DA:176,0
DA:177,0
DA:185,0
DA:186,0
DA:187,0
DA:189,0
DA:193,1
DA:197,1
LF:56
LH:21
BRDA:47,0,0,0
BRDA:47,1,0,0
BRDA:129,2,0,0
BRDA:129,2,1,0
BRDA:129,2,2,0
BRDA:133,3,0,0
BRDA:133,3,1,0
BRDA:139,4,0,0
BRDA:139,4,1,0
BRDA:139,4,2,0
BRDA:139,4,3,0
BRDA:143,5,0,0
BRDA:143,5,1,0
BRDA:151,6,0,0
BRDA:151,6,1,0
BRDA:151,7,0,0
BRDA:151,7,1,0
BRDA:160,8,0,0
BRDA:160,8,1,0
BRDA:168,9,0,0
BRDA:168,9,1,0
BRDA:176,10,0,0
BRDA:176,10,1,0
BRDA:180,11,0,0
BRDA:180,11,1,0
BRF:25
BRH:0
end_of_record
TN:
SF:models\activity.js
FN:12,(anonymous_0)
FN:23,(anonymous_1)
FN:36,(anonymous_2)
FN:55,(anonymous_3)
FN:72,(anonymous_4)
FN:83,(anonymous_5)
FNF:6
FNH:3
FNDA:2,(anonymous_0)
FNDA:1,(anonymous_1)
FNDA:4,(anonymous_2)
FNDA:0,(anonymous_3)
FNDA:0,(anonymous_4)
FNDA:0,(anonymous_5)
DA:1,2
DA:13,2
DA:14,2
DA:15,2
DA:24,1
DA:25,1
DA:26,1
DA:37,4
DA:43,4
DA:44,4
DA:56,0
DA:63,0
DA:64,0
DA:73,0
DA:74,0
DA:75,0
DA:85,0
DA:92,0
DA:93,0
DA:97,2
LF:20
LH:11
BRF:0
BRH:0
end_of_record
TN:
SF:models\db.js
FN:14,(anonymous_0)
FNF:1
FNH:0
FNDA:0,(anonymous_0)
DA:1,0
DA:2,0
DA:5,0
DA:14,0
DA:15,0
DA:16,0
DA:18,0
DA:22,0
LF:8
LH:0
BRDA:15,0,0,0
BRDA:15,0,1,0
BRF:2
BRH:0
end_of_record
TN:
SF:models\goal.js
FN:12,(anonymous_0)
FN:31,(anonymous_1)
FN:49,(anonymous_2)
FN:71,(anonymous_3)
FN:95,(anonymous_4)
FN:116,(anonymous_5)
FN:127,(anonymous_6)
FNF:7
FNH:1
FNDA:1,(anonymous_0)
FNDA:0,(anonymous_1)
FNDA:0,(anonymous_2)
FNDA:0,(anonymous_3)
FNDA:0,(anonymous_4)
FNDA:0,(anonymous_5)
FNDA:0,(anonymous_6)
DA:1,1
DA:13,1
DA:21,1
DA:22,1
DA:32,0
DA:40,0
DA:41,0
DA:50,0
DA:57,0
DA:58,0
DA:72,0
DA:78,0
DA:83,0
DA:96,0
DA:103,0
DA:108,0
DA:117,0
DA:118,0
DA:119,0
DA:129,0
DA:131,0
DA:132,0
DA:137,0
DA:138,0
DA:139,0
DA:141,0
DA:142,0
DA:144,0
DA:147,0
DA:148,0
DA:149,0
DA:152,0
DA:153,0
DA:154,0
DA:155,0
DA:156,0
DA:157,0
DA:160,0
DA:161,0
DA:162,0
DA:163,0
DA:164,0
DA:167,0
DA:168,0
DA:169,0
DA:170,0
DA:171,0
DA:176,0
DA:185,0
DA:190,0
DA:191,0
DA:194,0
DA:196,0
DA:209,1
LF:54
LH:5
BRDA:131,0,0,0
BRDA:131,0,1,0
BRDA:137,1,0,0
BRDA:137,1,1,0
BRDA:137,2,0,0
BRDA:137,2,1,0
BRDA:144,3,0,0
BRDA:144,3,1,0
BRDA:144,3,2,0
BRDA:144,3,3,0
BRF:10
BRH:0
end_of_record
TN:
SF:models\log.js
FN:15,(anonymous_0)
FN:32,(anonymous_1)
FN:47,(anonymous_2)
FN:70,(anonymous_3)
FN:87,(anonymous_4)
FN:99,(anonymous_5)
FNF:6
FNH:3
FNDA:1,(anonymous_0)
FNDA:0,(anonymous_1)
FNDA:1,(anonymous_2)
FNDA:0,(anonymous_3)
FNDA:0,(anonymous_4)
FNDA:1,(anonymous_5)
DA:1,2
DA:16,1
DA:23,1
DA:24,1
DA:33,0
DA:34,0
DA:35,0
DA:48,1
DA:54,1
DA:59,1
DA:71,0
DA:78,0
DA:79,0
DA:88,0
DA:89,0
DA:90,0
DA:101,1
DA:111,1
DA:121,1
DA:131,1
DA:141,1
DA:146,1
DA:154,1
DA:164,2
LF:24
LH:15
BRDA:15,0,0,1
BRDA:15,1,0,1
BRDA:56,2,0,1
BRDA:56,2,1,0
BRDA:56,3,0,1
BRDA:56,3,1,0
BRDA:159,4,0,1
BRDA:159,4,1,0
BRF:8
BRH:5
end_of_record
TN:
SF:models\user.js
FN:13,(anonymous_0)
FN:24,(anonymous_1)
FN:37,(anonymous_2)
FN:58,(anonymous_3)
FN:69,(anonymous_4)
FNF:5
FNH:4
FNDA:1,(anonymous_0)
FNDA:3,(anonymous_1)
FNDA:0,(anonymous_2)
FNDA:1,(anonymous_3)
FNDA:2,(anonymous_4)
DA:1,2
DA:2,2
DA:14,1
DA:15,1
DA:16,1
DA:25,3
DA:26,3
DA:27,3
DA:39,0
DA:40,0
DA:43,0
DA:49,0
DA:50,0
DA:59,1
DA:60,1
DA:70,2
DA:74,2
LF:17
LH:12
BRF:0
BRH:0
end_of_record
TN:
SF:routes\achievementRoutes.js
FNF:0
FNH:0
DA:1,1
DA:2,1
DA:3,1
DA:4,1
DA:5,1
DA:7,1
DA:10,1
DA:13,1
DA:22,1
DA:29,1
DA:37,1
DA:42,1
LF:12
LH:12
BRF:0
BRH:0
end_of_record
TN:
SF:routes\activityRoutes.js
FNF:0
FNH:0
DA:1,1
DA:2,1
DA:7,1
DA:8,1
DA:9,1
DA:11,1
DA:14,1
DA:17,1
DA:26,1
DA:33,1
DA:40,1
DA:47,1
DA:54,1
DA:62,1
LF:14
LH:14
BRF:0
BRH:0
end_of_record
TN:
SF:routes\authRoutes.js
FNF:0
FNH:0
DA:1,1
DA:2,1
DA:3,1
DA:4,1
DA:6,1
DA:9,1
DA:12,1
DA:15,1
DA:17,1
LF:9
LH:9
BRF:0
BRH:0
end_of_record
TN:
SF:routes\goalRoutes.js
FNF:0
FNH:0
DA:1,1
DA:2,1
DA:6,1
DA:7,1
DA:8,1
DA:10,1
DA:13,1
DA:16,1
DA:25,1
DA:35,1
DA:41,1
DA:47,1
DA:53,1
DA:59,1
DA:64,1
LF:15
LH:15
BRF:0
BRH:0
end_of_record
TN:
SF:routes\index.js
FN:18,(anonymous_0)
FNF:1
FNH:0
FNDA:0,(anonymous_0)
DA:1,1
DA:2,1
DA:3,1
DA:4,1
DA:5,1
DA:6,1
DA:8,1
DA:11,1
DA:12,1
DA:13,1
DA:14,1
DA:15,1
DA:18,1
DA:19,0
DA:22,1
LF:15
LH:14
BRF:0
BRH:0
end_of_record
TN:
SF:routes\logRoutes.js
FNF:0
FNH:0
DA:1,1
DA:2,1
DA:8,1
DA:9,1
DA:10,1
DA:12,1
DA:15,1
DA:18,1
DA:28,1
DA:35,1
DA:42,1
DA:49,1
DA:59,1
DA:67,1
DA:74,1
LF:15
LH:15
BRF:0
BRH:0
end_of_record
TN:
SF:services\emailService.js
FN:5,(anonymous_0)
FN:26,(anonymous_1)
FN:53,(anonymous_2)
FN:101,(anonymous_3)
FN:113,(anonymous_4)
FN:126,(anonymous_5)
FN:153,(anonymous_6)
FN:181,(anonymous_7)
FN:219,(anonymous_8)
FN:229,(anonymous_9)
FN:252,(anonymous_10)
FN:278,(anonymous_11)
FN:322,(anonymous_12)
FNF:13
FNH:0
FNDA:0,(anonymous_0)
FNDA:0,(anonymous_1)
FNDA:0,(anonymous_2)
FNDA:0,(anonymous_3)
FNDA:0,(anonymous_4)
FNDA:0,(anonymous_5)
FNDA:0,(anonymous_6)
FNDA:0,(anonymous_7)
FNDA:0,(anonymous_8)
FNDA:0,(anonymous_9)
FNDA:0,(anonymous_10)
FNDA:0,(anonymous_11)
FNDA:0,(anonymous_12)
DA:1,0
DA:2,0
DA:7,0
DA:27,0
DA:29,0
DA:38,0
DA:39,0
DA:40,0
DA:42,0
DA:43,0
DA:54,0
DA:56,0
DA:73,0
DA:90,0
DA:102,0
DA:105,0
DA:113,0
DA:114,0
DA:122,0
DA:126,0
DA:127,0
DA:135,0
DA:143,0
DA:153,0
DA:154,0
DA:156,0
DA:174,0
DA:181,0
DA:182,0
DA:184,0
DA:201,0
DA:209,0
DA:220,0
DA:223,0
DA:229,0
DA:230,0
DA:235,0
DA:243,0
DA:252,0
DA:253,0
DA:260,0
DA:268,0
DA:279,0
DA:281,0
DA:294,0
DA:312,0
DA:323,0
DA:325,0
DA:339,0
DA:358,0
DA:363,0
DA:364,0
LF:52
LH:0
BRDA:8,0,0,0
BRDA:8,0,1,0
BRDA:9,1,0,0
BRDA:9,1,1,0
BRDA:12,2,0,0
BRDA:12,2,1,0
BRDA:13,3,0,0
BRDA:13,3,1,0
BRDA:30,4,0,0
BRDA:30,4,1,0
BRDA:118,5,0,0
BRDA:118,5,1,0
BRDA:154,6,0,0
BRDA:154,6,1,0
BRDA:166,7,0,0
BRDA:166,7,1,0
BRDA:182,8,0,0
BRDA:182,8,1,0
BRDA:351,9,0,0
BRDA:351,9,1,0
BRF:20
BRH:0
end_of_record
TN:
SF:services\notificationService.js
FN:10,(anonymous_0)
FN:19,(anonymous_1)
FN:32,(anonymous_2)
FN:53,(anonymous_3)
FN:57,(anonymous_4)
FN:70,(anonymous_5)
FN:87,(anonymous_6)
FN:91,(anonymous_7)
FN:104,(anonymous_8)
FN:124,(anonymous_9)
FN:149,(anonymous_10)
FN:168,(anonymous_11)
FN:200,(anonymous_12)
FN:217,(anonymous_13)
FN:226,(anonymous_14)
FN:250,(anonymous_15)
FN:262,(anonymous_16)
FN:298,(anonymous_17)
FN:304,(anonymous_18)
FN:318,(anonymous_19)
FN:329,(anonymous_20)
FN:346,(anonymous_21)
FN:370,(anonymous_22)
FN:393,(anonymous_23)
FN:419,(anonymous_24)
FN:444,(anonymous_25)
FNF:26
FNH:0
FNDA:0,(anonymous_0)
FNDA:0,(anonymous_1)
FNDA:0,(anonymous_2)
FNDA:0,(anonymous_3)
FNDA:0,(anonymous_4)
FNDA:0,(anonymous_5)
FNDA:0,(anonymous_6)
FNDA:0,(anonymous_7)
FNDA:0,(anonymous_8)
FNDA:0,(anonymous_9)
FNDA:0,(anonymous_10)
FNDA:0,(anonymous_11)
FNDA:0,(anonymous_12)
FNDA:0,(anonymous_13)
FNDA:0,(anonymous_14)
FNDA:0,(anonymous_15)
FNDA:0,(anonymous_16)
FNDA:0,(anonymous_17)
FNDA:0,(anonymous_18)
FNDA:0,(anonymous_19)
FNDA:0,(anonymous_20)
FNDA:0,(anonymous_21)
FNDA:0,(anonymous_22)
FNDA:0,(anonymous_23)
FNDA:0,(anonymous_24)
FNDA:0,(anonymous_25)
DA:1,0
DA:2,0
DA:3,0
DA:4,0
DA:5,0
DA:6,0
DA:7,0
DA:11,0
DA:12,0
DA:21,0
DA:24,0
DA:26,0
DA:33,0
DA:36,0
DA:37,0
DA:38,0
DA:40,0
DA:41,0
DA:42,0
DA:45,0
DA:46,0
DA:50,0
DA:53,0
DA:54,0
DA:57,0
DA:58,0
DA:61,0
DA:64,0
DA:71,0
DA:74,0
DA:75,0
DA:76,0
DA:79,0
DA:80,0
DA:84,0
DA:87,0
DA:88,0
DA:91,0
DA:92,0
DA:95,0
DA:98,0
DA:105,0
DA:106,0
DA:109,0
DA:111,0
DA:112,0
DA:115,0
DA:117,0
DA:125,0
DA:126,0
DA:129,0
DA:131,0
DA:133,0
DA:134,0
DA:135,0
DA:138,0
DA:140,0
DA:150,0
DA:151,0
DA:153,0
DA:154,0
DA:156,0
DA:157,0
DA:169,0
DA:170,0
DA:173,0
DA:176,0
DA:179,0
DA:186,0
DA:187,0
DA:189,0
DA:190,0
DA:201,0
DA:202,0
DA:204,0
DA:205,0
DA:207,0
DA:208,0
DA:218,0
DA:219,0
DA:222,0
DA:225,0
DA:228,0
DA:231,0
DA:234,0
DA:235,0
DA:238,0
DA:250,0
DA:252,0
DA:253,0
DA:254,0
DA:258,0
DA:261,0
DA:263,0
DA:264,0
DA:266,0
DA:279,0
DA:286,0
DA:288,0
DA:289,0
DA:299,0
DA:300,0
DA:303,0
DA:304,0
DA:305,0
DA:306,0
DA:307,0
DA:309,0
DA:312,0
DA:313,0
DA:317,0
DA:320,0
DA:322,0
DA:325,0
DA:326,0
DA:328,0
DA:329,0
DA:330,0
DA:331,0
DA:335,0
DA:337,0
DA:346,0
DA:348,0
DA:349,0
DA:353,0
DA:359,0
DA:361,0
DA:362,0
DA:371,0
DA:373,0
DA:379,0
DA:380,0
DA:382,0
DA:383,0
DA:394,0
DA:396,0
DA:405,0
DA:406,0
DA:408,0
DA:409,0
DA:420,0
DA:422,0
DA:431,0
DA:432,0
DA:434,0
DA:435,0
DA:445,0
DA:447,0
DA:449,0
DA:451,0
DA:453,0
DA:455,0
DA:461,0
DA:462,0
LF:154
LH:0
BRDA:33,0,0,0
BRDA:33,0,1,0
BRDA:38,1,0,0
BRDA:38,1,1,0
BRDA:45,2,0,0
BRDA:45,2,1,0
BRDA:45,3,0,0
BRDA:45,3,1,0
BRDA:71,4,0,0
BRDA:71,4,1,0
BRDA:79,5,0,0
BRDA:79,5,1,0
BRDA:135,6,0,0
BRDA:135,6,1,0
BRDA:151,7,0,0
BRDA:151,7,1,0
BRDA:170,8,0,0
BRDA:170,8,1,0
BRDA:173,9,0,0
BRDA:173,9,1,0
BRDA:202,10,0,0
BRDA:202,10,1,0
BRDA:219,11,0,0
BRDA:219,11,1,0
BRDA:235,12,0,0
BRDA:235,12,1,0
BRDA:250,13,0,0
BRDA:250,13,1,0
BRDA:252,14,0,0
BRDA:252,14,1,0
BRDA:300,15,0,0
BRDA:300,15,1,0
BRDA:309,16,0,0
BRDA:309,16,1,0
BRDA:312,17,0,0
BRDA:312,17,1,0
BRDA:320,18,0,0
BRDA:320,18,1,0
BRDA:335,19,0,0
BRDA:335,19,1,0
BRDA:348,20,0,0
BRDA:348,20,1,0
BRDA:445,21,0,0
BRDA:445,21,1,0
BRDA:445,21,2,0
BRDA:445,21,3,0
BRDA:445,21,4,0
BRF:47
BRH:0
end_of_record
